Using pre-set license
Built from '2021.3/staging' branch; Version is '2021.3.43f1 (6f9470916942) revision 7312496'; Using compiler version '192829333'; Build Type 'Release'
OS: 'Windows 11  (10.0.22631) 64bit CoreSingleLanguage' Language: 'en' Physical Memory: 16159 MB
BatchMode: 1, IsHumanControllingUs: 0, StartBugReporterOnCrash: 0, Is64bit: 1, IsPro: 1

COMMAND LINE ARGUMENTS:
C:\Program Files\Unity\Hub\Editor\2021.3.43f1\Editor\Unity.exe
-adb2
-batchMode
-noUpm
-name
AssetImportWorker4
-projectPath
C:/baruu pindah/coolyeah/kuliah/Semester 7/Sistem Multimedia/Sismul_UAS
-logFile
Logs/AssetImportWorker4.log
-srvPort
51343
Successfully changed project path to: C:/baruu pindah/coolyeah/kuliah/Semester 7/Sistem Multimedia/Sismul_UAS
C:/baruu pindah/coolyeah/kuliah/Semester 7/Sistem Multimedia/Sismul_UAS
[UnityMemory] Configuration Parameters - Can be set up in boot.config
    "memorysetup-bucket-allocator-granularity=16"
    "memorysetup-bucket-allocator-bucket-count=8"
    "memorysetup-bucket-allocator-block-size=33554432"
    "memorysetup-bucket-allocator-block-count=8"
    "memorysetup-main-allocator-block-size=16777216"
    "memorysetup-thread-allocator-block-size=16777216"
    "memorysetup-gfx-main-allocator-block-size=16777216"
    "memorysetup-gfx-thread-allocator-block-size=16777216"
    "memorysetup-cache-allocator-block-size=4194304"
    "memorysetup-typetree-allocator-block-size=2097152"
    "memorysetup-profiler-bucket-allocator-granularity=16"
    "memorysetup-profiler-bucket-allocator-bucket-count=8"
    "memorysetup-profiler-bucket-allocator-block-size=33554432"
    "memorysetup-profiler-bucket-allocator-block-count=8"
    "memorysetup-profiler-allocator-block-size=16777216"
    "memorysetup-profiler-editor-allocator-block-size=1048576"
    "memorysetup-temp-allocator-size-main=16777216"
    "memorysetup-job-temp-allocator-block-size=2097152"
    "memorysetup-job-temp-allocator-block-size-background=1048576"
    "memorysetup-job-temp-allocator-reduction-small-platforms=262144"
    "memorysetup-temp-allocator-size-background-worker=32768"
    "memorysetup-temp-allocator-size-job-worker=262144"
    "memorysetup-temp-allocator-size-preload-manager=33554432"
    "memorysetup-temp-allocator-size-nav-mesh-worker=65536"
    "memorysetup-temp-allocator-size-audio-worker=65536"
    "memorysetup-temp-allocator-size-cloud-worker=32768"
    "memorysetup-temp-allocator-size-gi-baking-worker=262144"
    "memorysetup-temp-allocator-size-gfx=262144"
Player connection [27316] Host "[IP] 192.168.56.1 [Port] 0 [Flags] 2 [Guid] 1016513429 [EditorId] 1016513429 [Version] 1048832 [Id] WindowsEditor(7,JUNGKOOK-GF) [Debug] 1 [PackageName] WindowsEditor [ProjectName] Editor" joined multi-casting on [225.0.0.222:54997]...

Player connection [27316] Host "[IP] 192.168.56.1 [Port] 0 [Flags] 2 [Guid] 1016513429 [EditorId] 1016513429 [Version] 1048832 [Id] WindowsEditor(7,JUNGKOOK-GF) [Debug] 1 [PackageName] WindowsEditor [ProjectName] Editor" joined alternative multi-casting on [225.0.0.222:34997]...

[Physics::Module] Initialized MultithreadedJobDispatcher with {0} workers.
Refreshing native plugins compatible for Editor in 172.53 ms, found 6 plugins.
Preloading 2 native plugins for Editor in 6.39 ms.
Initialize engine version: 2021.3.43f1 (6f9470916942)
[Subsystems] Discovering subsystems at path C:/Program Files/Unity/Hub/Editor/2021.3.43f1/Editor/Data/Resources/UnitySubsystems
[Subsystems] Discovering subsystems at path C:/baruu pindah/coolyeah/kuliah/Semester 7/Sistem Multimedia/Sismul_UAS/Assets
GfxDevice: creating device client; threaded=0; jobified=0
Direct3D:
    Version:  Direct3D 11.0 [level 11.1]
    Renderer: NVIDIA GeForce RTX 3050 6GB Laptop GPU (ID=0x25ec)
    Vendor:   NVIDIA
    VRAM:     6002 MB
    Driver:   32.0.15.5599
Initialize mono
Mono path[0] = 'C:/Program Files/Unity/Hub/Editor/2021.3.43f1/Editor/Data/Managed'
Mono path[1] = 'C:/Program Files/Unity/Hub/Editor/2021.3.43f1/Editor/Data/MonoBleedingEdge/lib/mono/unityjit-win32'
Mono config path = 'C:/Program Files/Unity/Hub/Editor/2021.3.43f1/Editor/Data/MonoBleedingEdge/etc'
Using monoOptions --debugger-agent=transport=dt_socket,embedding=1,server=y,suspend=n,address=127.0.0.1:56960
Begin MonoManager ReloadAssembly
Registering precompiled unity dll's ...
Register platform support module: C:/Program Files/Unity/Hub/Editor/2021.3.43f1/Editor/Data/PlaybackEngines/WebGLSupport/UnityEditor.WebGL.Extensions.dll
Register platform support module: C:/Program Files/Unity/Hub/Editor/2021.3.43f1/Editor/Data/PlaybackEngines/AndroidPlayer/UnityEditor.Android.Extensions.dll
Register platform support module: C:/Program Files/Unity/Hub/Editor/2021.3.43f1/Editor/Data/PlaybackEngines/WindowsStandaloneSupport/UnityEditor.WindowsStandalone.Extensions.dll
Registered in 0.011328 seconds.
Native extension for WindowsStandalone target not found
Native extension for Android target not found
Android Extension - Scanning For ADB Devices 666 ms
Native extension for WebGL target not found
Refreshing native plugins compatible for Editor in 121.44 ms, found 6 plugins.
Preloading 2 native plugins for Editor in 0.23 ms.
Mono: successfully reloaded assembly
- Completed reload, in  2.182 seconds
Domain Reload Profiling:
	ReloadAssembly (2183ms)
		BeginReloadAssembly (245ms)
			ExecutionOrderSort (0ms)
			DisableScriptedObjects (0ms)
			BackupInstance (0ms)
			ReleaseScriptingObjects (0ms)
			CreateAndSetChildDomain (1ms)
		EndReloadAssembly (1734ms)
			LoadAssemblies (242ms)
			RebuildTransferFunctionScriptingTraits (0ms)
			SetupTypeCache (268ms)
			ReleaseScriptCaches (0ms)
			RebuildScriptCaches (59ms)
			SetupLoadedEditorAssemblies (1300ms)
				LogAssemblyErrors (0ms)
				InitializePlatformSupportModulesInManaged (869ms)
				SetLoadedEditorAssemblies (0ms)
				RefreshPlugins (122ms)
				BeforeProcessingInitializeOnLoad (3ms)
				ProcessInitializeOnLoadAttributes (207ms)
				ProcessInitializeOnLoadMethodAttributes (98ms)
				AfterProcessingInitializeOnLoad (0ms)
				EditorAssembliesLoaded (0ms)
			ExecutionOrderSort2 (0ms)
			AwakeInstancesAfterBackupRestoration (0ms)
Platform modules already initialized, skipping
Registering precompiled user dll's ...
Registered in 0.023112 seconds.
Begin MonoManager ReloadAssembly
Symbol file LoadedFromMemory is not a mono symbol file
Native extension for WindowsStandalone target not found
Native extension for Android target not found
Native extension for WebGL target not found
Refreshing native plugins compatible for Editor in 1.38 ms, found 6 plugins.
Preloading 2 native plugins for Editor in 0.23 ms.
Package Manager log level set to [2]
[Package Manager] Server::EnsureServerProcessIsRunning -- launch failed, reason: Unity was launched with the -noUpm command-line argument
[Package Manager] Cannot connect to Unity Package Manager local server
Mono: successfully reloaded assembly
- Completed reload, in  3.024 seconds
Domain Reload Profiling:
	ReloadAssembly (3026ms)
		BeginReloadAssembly (261ms)
			ExecutionOrderSort (0ms)
			DisableScriptedObjects (10ms)
			BackupInstance (0ms)
			ReleaseScriptingObjects (0ms)
			CreateAndSetChildDomain (35ms)
		EndReloadAssembly (2538ms)
			LoadAssemblies (216ms)
			RebuildTransferFunctionScriptingTraits (0ms)
			SetupTypeCache (587ms)
			ReleaseScriptCaches (1ms)
			RebuildScriptCaches (113ms)
			SetupLoadedEditorAssemblies (1588ms)
				LogAssemblyErrors (0ms)
				InitializePlatformSupportModulesInManaged (32ms)
				SetLoadedEditorAssemblies (1ms)
				RefreshPlugins (2ms)
				BeforeProcessingInitializeOnLoad (125ms)
				ProcessInitializeOnLoadAttributes (1364ms)
				ProcessInitializeOnLoadMethodAttributes (51ms)
				AfterProcessingInitializeOnLoad (14ms)
				EditorAssembliesLoaded (0ms)
			ExecutionOrderSort2 (0ms)
			AwakeInstancesAfterBackupRestoration (16ms)
Platform modules already initialized, skipping
========================================================================
Worker process is ready to serve import requests
Launched and connected shader compiler UnityShaderCompiler.exe after 0.11 seconds
Refreshing native plugins compatible for Editor in 5.35 ms, found 6 plugins.
Preloading 2 native plugins for Editor in 0.24 ms.
Unloading 3296 Unused Serialized files (Serialized files now loaded: 0)
Unloading 50 unused Assets / (80.4 KB). Loaded Objects now: 4061.
Memory consumption went from 134.5 MB to 134.4 MB.
Total: 8.333000 ms (FindLiveObjects: 0.629000 ms CreateObjectMapping: 0.267400 ms MarkObjects: 7.128100 ms  DeleteObjects: 0.305500 ms)

AssetImportParameters requested are different than current active one (requested -> active):
  custom:video-decoder-ogg-theora: a1e56fd34408186e4bbccfd4996cb3dc -> 
  custom:container-muxer-webm: aa71ff27fc2769a1b78a27578f13a17b -> 
  custom:container-demuxer-webm: 4f35f7cbe854078d1ac9338744f61a02 -> 
  custom:video-encoder-webm-vp8: eb34c28f22e8b96e1ab97ce403110664 -> 
  custom:video-codec-MediaFoundation-h265: 746d11721c4dcdbdad8f713fa42b33f4 -> 
  custom:CustomObjectIndexerAttribute: bc11b3a6c3213fcdd17b65e7da85e133 -> 
  custom:audio-encoder-webm-vorbis: bf7c407c2cedff20999df2af8eb42d56 -> 
  custom:framework-win-MediaFoundation: 216162199b28c13a410421893ffa2e32 -> 
  custom:SearchIndexIgnoredProperties: e643bd26f0fe6173181afceb89e7c659 -> 
  custom:container-demuxer-ogg: 62fdf1f143b41e24485cea50d1cbac27 -> 
  custom:video-decoder-webm-vp8: 9c59270c3fd7afecdb556c50c9e8de78 -> 
  custom:audio-decoder-ogg-vorbis: bf7c407c2cedff20999df2af8eb42d56 -> 
========================================================================
Received Import Request.
  Time since last request: 499217.129541 seconds.
  path: Assets/_TerrainAutoUpgrade/layer_Allosaurusrock3d3aba195e4d26ee.terrainlayer
  artifactKey: Guid(e071606e8a540d64ea800d99ae88aa01) Importer(815301076,1909f56bfc062723c751e8b465ee728b)
Number of updated assets reloaded before import = 0
Start importing Assets/_TerrainAutoUpgrade/layer_Allosaurusrock3d3aba195e4d26ee.terrainlayer using Guid(e071606e8a540d64ea800d99ae88aa01) Importer(815301076,1909f56bfc062723c751e8b465ee728b)  -> (artifact id: '0153c8b4e245314fe8d4096d8c384d81') in 0.211961 seconds 
Number of asset objects unloaded after import = 2
========================================================================
Received Import Request.
  Time since last request: 0.000051 seconds.
  path: Assets/_TerrainAutoUpgrade/layer_GallimimusSand3d3aba195e4d26ee.terrainlayer
  artifactKey: Guid(c397fb13ba906da4abaa37ae6f1e7f34) Importer(815301076,1909f56bfc062723c751e8b465ee728b)
Number of updated assets reloaded before import = 0
Start importing Assets/_TerrainAutoUpgrade/layer_GallimimusSand3d3aba195e4d26ee.terrainlayer using Guid(c397fb13ba906da4abaa37ae6f1e7f34) Importer(815301076,1909f56bfc062723c751e8b465ee728b)  -> (artifact id: '95c063f07513aa140bc523cc6b756c25') in 0.029786 seconds 
Number of asset objects unloaded after import = 2
========================================================================
Received Import Request.
  Time since last request: 176.948965 seconds.
  path: Assets/JSAllAnimals/Vertebrata/Reptiles/Turtles/AlligatorSnappingTurtle/Models/AlligatorAnappingTurtleModel.FBX
  artifactKey: Guid(a80052689d8cd443ca6596c9ca9fb1cf) Importer(815301076,1909f56bfc062723c751e8b465ee728b)
Number of updated assets reloaded before import = 0
Start importing Assets/JSAllAnimals/Vertebrata/Reptiles/Turtles/AlligatorSnappingTurtle/Models/AlligatorAnappingTurtleModel.FBX using Guid(a80052689d8cd443ca6596c9ca9fb1cf) Importer(815301076,1909f56bfc062723c751e8b465ee728b)  -> (artifact id: '5e9c749296b3ea7d09bdd2582e8fa686') in 0.350334 seconds 
Number of asset objects unloaded after import = 138
========================================================================
Received Import Request.
  Time since last request: 0.000046 seconds.
  path: Assets/JSAllAnimals/Vertebrata/Reptiles/Turtles/AlligatorSnappingTurtle/Animations/AlligatorSnappingTurtleAnimationsEat.FBX
  artifactKey: Guid(0219a881290b2456180b5113adeb7fda) Importer(815301076,1909f56bfc062723c751e8b465ee728b)
Number of updated assets reloaded before import = 0
Start importing Assets/JSAllAnimals/Vertebrata/Reptiles/Turtles/AlligatorSnappingTurtle/Animations/AlligatorSnappingTurtleAnimationsEat.FBX using Guid(0219a881290b2456180b5113adeb7fda) Importer(815301076,1909f56bfc062723c751e8b465ee728b)  -> (artifact id: '0a4855da826b8477bdd4ca5b70fd3881') in 0.028018 seconds 
Number of asset objects unloaded after import = 135
========================================================================
Received Import Request.
  Time since last request: 0.000068 seconds.
  path: Assets/JSAllAnimals/Vertebrata/Reptiles/Turtles/AlligatorSnappingTurtle/Animations/OnPlace/AlligatorSnappingTurtleAnimationsStandOnPlace.FBX
  artifactKey: Guid(aa821fa29ac7b4afca91666ae362d207) Importer(815301076,1909f56bfc062723c751e8b465ee728b)
Number of updated assets reloaded before import = 0
Start importing Assets/JSAllAnimals/Vertebrata/Reptiles/Turtles/AlligatorSnappingTurtle/Animations/OnPlace/AlligatorSnappingTurtleAnimationsStandOnPlace.FBX using Guid(aa821fa29ac7b4afca91666ae362d207) Importer(815301076,1909f56bfc062723c751e8b465ee728b)  -> (artifact id: 'af30b3021a8f83e854f510a314faf485') in 0.030782 seconds 
Number of asset objects unloaded after import = 204
========================================================================
Received Import Request.
  Time since last request: 0.000038 seconds.
  path: Assets/JSAllAnimals/Vertebrata/Reptiles/Turtles/AlligatorSnappingTurtle/Models/Old/AlligatorSnappingTurtleModelTwoLODsVer1.0.FBX
  artifactKey: Guid(d43bfcbe71f1445689234e8712cb0adc) Importer(815301076,1909f56bfc062723c751e8b465ee728b)
Number of updated assets reloaded before import = 0
Start importing Assets/JSAllAnimals/Vertebrata/Reptiles/Turtles/AlligatorSnappingTurtle/Models/Old/AlligatorSnappingTurtleModelTwoLODsVer1.0.FBX using Guid(d43bfcbe71f1445689234e8712cb0adc) Importer(815301076,1909f56bfc062723c751e8b465ee728b)  -> (artifact id: 'ec26e850c63e15ed28084452884da584') in 0.127197 seconds 
Number of asset objects unloaded after import = 145
========================================================================
Received Import Request.
  Time since last request: 0.000054 seconds.
  path: Assets/JSAllAnimals/Vertebrata/Reptiles/Turtles/AlligatorSnappingTurtle/Animations/OnPlace/AlligatorSnappingTurtleAnimationsCrouchTurnOnPlace.FBX
  artifactKey: Guid(6b24bad72360744fd82f09af44109078) Importer(815301076,1909f56bfc062723c751e8b465ee728b)
Number of updated assets reloaded before import = 0
Start importing Assets/JSAllAnimals/Vertebrata/Reptiles/Turtles/AlligatorSnappingTurtle/Animations/OnPlace/AlligatorSnappingTurtleAnimationsCrouchTurnOnPlace.FBX using Guid(6b24bad72360744fd82f09af44109078) Importer(815301076,1909f56bfc062723c751e8b465ee728b)  -> (artifact id: 'bb0717126a38259405363599ebb9aaae') in 0.027277 seconds 
Number of asset objects unloaded after import = 134
========================================================================
Received Import Request.
  Time since last request: 0.000032 seconds.
  path: Assets/JSAllAnimals/Vertebrata/Reptiles/Turtles/AlligatorSnappingTurtle/Animations/AlligatorSnappingTurtleAnimationsStand.FBX
  artifactKey: Guid(eabb197db15214ca08c26cd761f2d581) Importer(815301076,1909f56bfc062723c751e8b465ee728b)
Number of updated assets reloaded before import = 0
Start importing Assets/JSAllAnimals/Vertebrata/Reptiles/Turtles/AlligatorSnappingTurtle/Animations/AlligatorSnappingTurtleAnimationsStand.FBX using Guid(eabb197db15214ca08c26cd761f2d581) Importer(815301076,1909f56bfc062723c751e8b465ee728b)  -> (artifact id: 'f23523c7d4746071d9c3e280055e38f6') in 0.030341 seconds 
Number of asset objects unloaded after import = 204
========================================================================
Received Import Request.
  Time since last request: 0.000041 seconds.
  path: Assets/JSAllAnimals/Vertebrata/Reptiles/Turtles/AlligatorSnappingTurtle/Animations/AlligatorSnappingTurtleAnimationsSideStep.FBX
  artifactKey: Guid(9ca6d2a49097f47cfb295520dbd88ccd) Importer(815301076,1909f56bfc062723c751e8b465ee728b)
Number of updated assets reloaded before import = 0
Start importing Assets/JSAllAnimals/Vertebrata/Reptiles/Turtles/AlligatorSnappingTurtle/Animations/AlligatorSnappingTurtleAnimationsSideStep.FBX using Guid(9ca6d2a49097f47cfb295520dbd88ccd) Importer(815301076,1909f56bfc062723c751e8b465ee728b)  -> (artifact id: 'ce3c86638fc9437e761768aa3199cc26') in 0.031821 seconds 
Number of asset objects unloaded after import = 202
========================================================================
Received Import Request.
  Time since last request: 0.000055 seconds.
  path: Assets/JSAllAnimals/Vertebrata/Reptiles/Turtles/AlligatorSnappingTurtle/Animations/AlligatorSnappingTurtleAnimationsBasic.FBX
  artifactKey: Guid(837ae303e2b1d4e4c9aa8447c160641f) Importer(815301076,1909f56bfc062723c751e8b465ee728b)
Number of updated assets reloaded before import = 0
Start importing Assets/JSAllAnimals/Vertebrata/Reptiles/Turtles/AlligatorSnappingTurtle/Animations/AlligatorSnappingTurtleAnimationsBasic.FBX using Guid(837ae303e2b1d4e4c9aa8447c160641f) Importer(815301076,1909f56bfc062723c751e8b465ee728b)  -> (artifact id: '92e455c21cc5a4dee5a83e1f9c9e8512') in 0.035309 seconds 
Number of asset objects unloaded after import = 143
========================================================================
Received Import Request.
  Time since last request: 0.000037 seconds.
  path: Assets/JSAllAnimals/Vertebrata/Reptiles/Turtles/AlligatorSnappingTurtle/Animations/OnPlace/AlligatorSnappingTurtleAnimationsBasicOnPlace.FBX
  artifactKey: Guid(a5fd18815543a47b38feeb38088c2b3c) Importer(815301076,1909f56bfc062723c751e8b465ee728b)
Number of updated assets reloaded before import = 0
Start importing Assets/JSAllAnimals/Vertebrata/Reptiles/Turtles/AlligatorSnappingTurtle/Animations/OnPlace/AlligatorSnappingTurtleAnimationsBasicOnPlace.FBX using Guid(a5fd18815543a47b38feeb38088c2b3c) Importer(815301076,1909f56bfc062723c751e8b465ee728b)  -> (artifact id: '051668268a4c4858f8280392e2782bfe') in 0.041322 seconds 
Number of asset objects unloaded after import = 211
========================================================================
Received Import Request.
  Time since last request: 0.000036 seconds.
  path: Assets/JSAllAnimals/Vertebrata/Reptiles/Turtles/AlligatorSnappingTurtle/Animations/OnPlace/AlligatorSnappingTurtleAnimationsSideStepOnPlace.FBX
  artifactKey: Guid(813bd33e4835e426b9ba072d19689fea) Importer(815301076,1909f56bfc062723c751e8b465ee728b)
Number of updated assets reloaded before import = 0
Start importing Assets/JSAllAnimals/Vertebrata/Reptiles/Turtles/AlligatorSnappingTurtle/Animations/OnPlace/AlligatorSnappingTurtleAnimationsSideStepOnPlace.FBX using Guid(813bd33e4835e426b9ba072d19689fea) Importer(815301076,1909f56bfc062723c751e8b465ee728b)  -> (artifact id: 'be3f509473c0290a0de8d760e6c17973') in 0.035871 seconds 
Number of asset objects unloaded after import = 202
========================================================================
Received Import Request.
  Time since last request: 0.000045 seconds.
  path: Assets/JSAllAnimals/Vertebrata/Reptiles/Turtles/AlligatorSnappingTurtle/Animations/AlligatorSnappingTurtleAnimationsStandTurn.FBX
  artifactKey: Guid(ab091710be96c445b8eb4725a5a77dc0) Importer(815301076,1909f56bfc062723c751e8b465ee728b)
Number of updated assets reloaded before import = 0
Start importing Assets/JSAllAnimals/Vertebrata/Reptiles/Turtles/AlligatorSnappingTurtle/Animations/AlligatorSnappingTurtleAnimationsStandTurn.FBX using Guid(ab091710be96c445b8eb4725a5a77dc0) Importer(815301076,1909f56bfc062723c751e8b465ee728b)  -> (artifact id: '0110e6744797bc5a28d0975a4a3d9014') in 0.038402 seconds 
Number of asset objects unloaded after import = 134
========================================================================
Received Import Request.
  Time since last request: 0.000049 seconds.
  path: Assets/JSAllAnimals/Vertebrata/Reptiles/Turtles/AlligatorSnappingTurtle/Models/Old/AlligatorSnappingTurtleModelVer1.0.FBX
  artifactKey: Guid(016a17a3a42084f60937f69b39530b6e) Importer(815301076,1909f56bfc062723c751e8b465ee728b)
Number of updated assets reloaded before import = 0
Start importing Assets/JSAllAnimals/Vertebrata/Reptiles/Turtles/AlligatorSnappingTurtle/Models/Old/AlligatorSnappingTurtleModelVer1.0.FBX using Guid(016a17a3a42084f60937f69b39530b6e) Importer(815301076,1909f56bfc062723c751e8b465ee728b)  -> (artifact id: 'f0e61be6dff2b3339689f195fe9a435f') in 0.072291 seconds 
Number of asset objects unloaded after import = 138
========================================================================
Received Import Request.
  Time since last request: 0.000044 seconds.
  path: Assets/JSAllAnimals/Vertebrata/Reptiles/Turtles/AlligatorSnappingTurtle/Animations/OnPlace/AlligatorSnappingTurtleAnimationsStandTurnOnPlace.FBX
  artifactKey: Guid(f366035193fee4c929b2ed228faf53b2) Importer(815301076,1909f56bfc062723c751e8b465ee728b)
Number of updated assets reloaded before import = 0
Start importing Assets/JSAllAnimals/Vertebrata/Reptiles/Turtles/AlligatorSnappingTurtle/Animations/OnPlace/AlligatorSnappingTurtleAnimationsStandTurnOnPlace.FBX using Guid(f366035193fee4c929b2ed228faf53b2) Importer(815301076,1909f56bfc062723c751e8b465ee728b)  -> (artifact id: '7e6e1899f185dbca8bfe7407cc985f4b') in 0.032792 seconds 
Number of asset objects unloaded after import = 134
========================================================================
Received Import Request.
  Time since last request: 4.949794 seconds.
  path: Assets/JSAllAnimals/Vertebrata
  artifactKey: Guid(c85caa785c9c94aaab316b9d7975f630) Importer(815301076,1909f56bfc062723c751e8b465ee728b)
Number of updated assets reloaded before import = 0
Start importing Assets/JSAllAnimals/Vertebrata using Guid(c85caa785c9c94aaab316b9d7975f630) Importer(815301076,1909f56bfc062723c751e8b465ee728b)  -> (artifact id: 'f6d6a91e605e55b893b0ea8d05cdc576') in 0.017976 seconds 
Number of asset objects unloaded after import = 0
========================================================================
Received Import Request.
  Time since last request: 4.116138 seconds.
  path: Assets/JSAllAnimals/Vertebrata/Reptiles
  artifactKey: Guid(1b2efc8cd3bc0477b92f1ebc07559350) Importer(815301076,1909f56bfc062723c751e8b465ee728b)
Number of updated assets reloaded before import = 0
Start importing Assets/JSAllAnimals/Vertebrata/Reptiles using Guid(1b2efc8cd3bc0477b92f1ebc07559350) Importer(815301076,1909f56bfc062723c751e8b465ee728b)  -> (artifact id: '3506df26921b635eb769bbe6163f4dfe') in 0.028170 seconds 
Number of asset objects unloaded after import = 0
========================================================================
Received Import Request.
  Time since last request: 0.736119 seconds.
  path: Assets/JSAllAnimals/Vertebrata/Amphibians
  artifactKey: Guid(772e8f89426bb4e709028b77a6809167) Importer(815301076,1909f56bfc062723c751e8b465ee728b)
Number of updated assets reloaded before import = 0
Start importing Assets/JSAllAnimals/Vertebrata/Amphibians using Guid(772e8f89426bb4e709028b77a6809167) Importer(815301076,1909f56bfc062723c751e8b465ee728b)  -> (artifact id: 'efafcdd663d1f3e94b8e858e4fb3bb90') in 0.026768 seconds 
Number of asset objects unloaded after import = 0
========================================================================
Received Import Request.
  Time since last request: 2.571668 seconds.
  path: Assets/JSAllAnimals/Vertebrata/Amphibians/FrogAndSkeleton
  artifactKey: Guid(169632fe623a740be8854c00f7044358) Importer(815301076,1909f56bfc062723c751e8b465ee728b)
Number of updated assets reloaded before import = 0
Start importing Assets/JSAllAnimals/Vertebrata/Amphibians/FrogAndSkeleton using Guid(169632fe623a740be8854c00f7044358) Importer(815301076,1909f56bfc062723c751e8b465ee728b)  -> (artifact id: '49176971fbe88e98332215faf843e2b2') in 0.021391 seconds 
Number of asset objects unloaded after import = 0
========================================================================
Received Prepare
Registering precompiled user dll's ...
Registered in 0.009028 seconds.
Begin MonoManager ReloadAssembly
Symbol file LoadedFromMemory is not a mono symbol file
Native extension for WindowsStandalone target not found
Native extension for Android target not found
Native extension for WebGL target not found
Refreshing native plugins compatible for Editor in 0.97 ms, found 6 plugins.
Preloading 2 native plugins for Editor in 0.15 ms.
[Package Manager] Server::EnsureServerProcessIsRunning -- launch failed, reason: Unity was launched with the -noUpm command-line argument
[Package Manager] Cannot connect to Unity Package Manager local server
Mono: successfully reloaded assembly
- Completed reload, in  1.871 seconds
Domain Reload Profiling:
	ReloadAssembly (1872ms)
		BeginReloadAssembly (222ms)
			ExecutionOrderSort (0ms)
			DisableScriptedObjects (6ms)
			BackupInstance (0ms)
			ReleaseScriptingObjects (0ms)
			CreateAndSetChildDomain (58ms)
		EndReloadAssembly (1528ms)
			LoadAssemblies (158ms)
			RebuildTransferFunctionScriptingTraits (0ms)
			SetupTypeCache (347ms)
			ReleaseScriptCaches (1ms)
			RebuildScriptCaches (48ms)
			SetupLoadedEditorAssemblies (979ms)
				LogAssemblyErrors (0ms)
				InitializePlatformSupportModulesInManaged (20ms)
				SetLoadedEditorAssemblies (1ms)
				RefreshPlugins (1ms)
				BeforeProcessingInitializeOnLoad (56ms)
				ProcessInitializeOnLoadAttributes (862ms)
				ProcessInitializeOnLoadMethodAttributes (33ms)
				AfterProcessingInitializeOnLoad (6ms)
				EditorAssembliesLoaded (0ms)
			ExecutionOrderSort2 (0ms)
			AwakeInstancesAfterBackupRestoration (8ms)
Platform modules already initialized, skipping
Refreshing native plugins compatible for Editor in 1.77 ms, found 6 plugins.
Preloading 2 native plugins for Editor in 0.18 ms.
Unloading 3257 Unused Serialized files (Serialized files now loaded: 0)
Unloading 45 unused Assets / (54.2 KB). Loaded Objects now: 4080.
Memory consumption went from 148.0 MB to 147.9 MB.
Total: 5.919000 ms (FindLiveObjects: 0.470400 ms CreateObjectMapping: 0.274000 ms MarkObjects: 5.044900 ms  DeleteObjects: 0.127300 ms)

AssetImportParameters requested are different than current active one (requested -> active):
  custom:video-decoder-ogg-theora: a1e56fd34408186e4bbccfd4996cb3dc -> 
  custom:container-muxer-webm: aa71ff27fc2769a1b78a27578f13a17b -> 
  custom:container-demuxer-webm: 4f35f7cbe854078d1ac9338744f61a02 -> 
  custom:video-encoder-webm-vp8: eb34c28f22e8b96e1ab97ce403110664 -> 
  custom:video-codec-MediaFoundation-h265: 746d11721c4dcdbdad8f713fa42b33f4 -> 
  custom:CustomObjectIndexerAttribute: bc11b3a6c3213fcdd17b65e7da85e133 -> 
  custom:audio-encoder-webm-vorbis: bf7c407c2cedff20999df2af8eb42d56 -> 
  custom:framework-win-MediaFoundation: 216162199b28c13a410421893ffa2e32 -> 
  custom:SearchIndexIgnoredProperties: e643bd26f0fe6173181afceb89e7c659 -> 
  custom:container-demuxer-ogg: 62fdf1f143b41e24485cea50d1cbac27 -> 
  custom:video-decoder-webm-vp8: 9c59270c3fd7afecdb556c50c9e8de78 -> 
  custom:audio-decoder-ogg-vorbis: bf7c407c2cedff20999df2af8eb42d56 -> 
========================================================================
Received Prepare
Registering precompiled user dll's ...
Registered in 0.013694 seconds.
Begin MonoManager ReloadAssembly
Symbol file LoadedFromMemory is not a mono symbol file
Native extension for WindowsStandalone target not found
Native extension for Android target not found
Native extension for WebGL target not found
Refreshing native plugins compatible for Editor in 1.02 ms, found 6 plugins.
Preloading 2 native plugins for Editor in 0.17 ms.
[Package Manager] Server::EnsureServerProcessIsRunning -- launch failed, reason: Unity was launched with the -noUpm command-line argument
[Package Manager] Cannot connect to Unity Package Manager local server
Mono: successfully reloaded assembly
- Completed reload, in  1.847 seconds
Domain Reload Profiling:
	ReloadAssembly (1847ms)
		BeginReloadAssembly (202ms)
			ExecutionOrderSort (0ms)
			DisableScriptedObjects (6ms)
			BackupInstance (0ms)
			ReleaseScriptingObjects (0ms)
			CreateAndSetChildDomain (58ms)
		EndReloadAssembly (1525ms)
			LoadAssemblies (129ms)
			RebuildTransferFunctionScriptingTraits (0ms)
			SetupTypeCache (340ms)
			ReleaseScriptCaches (2ms)
			RebuildScriptCaches (53ms)
			SetupLoadedEditorAssemblies (984ms)
				LogAssemblyErrors (0ms)
				InitializePlatformSupportModulesInManaged (24ms)
				SetLoadedEditorAssemblies (1ms)
				RefreshPlugins (1ms)
				BeforeProcessingInitializeOnLoad (64ms)
				ProcessInitializeOnLoadAttributes (851ms)
				ProcessInitializeOnLoadMethodAttributes (36ms)
				AfterProcessingInitializeOnLoad (7ms)
				EditorAssembliesLoaded (0ms)
			ExecutionOrderSort2 (0ms)
			AwakeInstancesAfterBackupRestoration (7ms)
Platform modules already initialized, skipping
Refreshing native plugins compatible for Editor in 1.41 ms, found 6 plugins.
Preloading 2 native plugins for Editor in 0.17 ms.
Unloading 3257 Unused Serialized files (Serialized files now loaded: 0)
Unloading 45 unused Assets / (54.2 KB). Loaded Objects now: 4083.
Memory consumption went from 148.0 MB to 147.9 MB.
Total: 7.391200 ms (FindLiveObjects: 0.469600 ms CreateObjectMapping: 0.165500 ms MarkObjects: 6.587200 ms  DeleteObjects: 0.165400 ms)

AssetImportParameters requested are different than current active one (requested -> active):
  custom:video-decoder-ogg-theora: a1e56fd34408186e4bbccfd4996cb3dc -> 
  custom:container-muxer-webm: aa71ff27fc2769a1b78a27578f13a17b -> 
  custom:container-demuxer-webm: 4f35f7cbe854078d1ac9338744f61a02 -> 
  custom:video-encoder-webm-vp8: eb34c28f22e8b96e1ab97ce403110664 -> 
  custom:video-codec-MediaFoundation-h265: 746d11721c4dcdbdad8f713fa42b33f4 -> 
  custom:CustomObjectIndexerAttribute: bc11b3a6c3213fcdd17b65e7da85e133 -> 
  custom:audio-encoder-webm-vorbis: bf7c407c2cedff20999df2af8eb42d56 -> 
  custom:framework-win-MediaFoundation: 216162199b28c13a410421893ffa2e32 -> 
  custom:SearchIndexIgnoredProperties: e643bd26f0fe6173181afceb89e7c659 -> 
  custom:container-demuxer-ogg: 62fdf1f143b41e24485cea50d1cbac27 -> 
  custom:video-decoder-webm-vp8: 9c59270c3fd7afecdb556c50c9e8de78 -> 
  custom:audio-decoder-ogg-vorbis: bf7c407c2cedff20999df2af8eb42d56 -> 
========================================================================
Received Prepare
Registering precompiled user dll's ...
Registered in 0.009705 seconds.
Begin MonoManager ReloadAssembly
Symbol file LoadedFromMemory is not a mono symbol file
Native extension for WindowsStandalone target not found
Native extension for Android target not found
Native extension for WebGL target not found
Refreshing native plugins compatible for Editor in 0.93 ms, found 6 plugins.
Preloading 2 native plugins for Editor in 0.15 ms.
[Package Manager] Server::EnsureServerProcessIsRunning -- launch failed, reason: Unity was launched with the -noUpm command-line argument
[Package Manager] Cannot connect to Unity Package Manager local server
Mono: successfully reloaded assembly
- Completed reload, in  1.848 seconds
Domain Reload Profiling:
	ReloadAssembly (1849ms)
		BeginReloadAssembly (188ms)
			ExecutionOrderSort (0ms)
			DisableScriptedObjects (6ms)
			BackupInstance (0ms)
			ReleaseScriptingObjects (0ms)
			CreateAndSetChildDomain (47ms)
		EndReloadAssembly (1543ms)
			LoadAssemblies (129ms)
			RebuildTransferFunctionScriptingTraits (0ms)
			SetupTypeCache (351ms)
			ReleaseScriptCaches (2ms)
			RebuildScriptCaches (46ms)
			SetupLoadedEditorAssemblies (984ms)
				LogAssemblyErrors (0ms)
				InitializePlatformSupportModulesInManaged (19ms)
				SetLoadedEditorAssemblies (0ms)
				RefreshPlugins (1ms)
				BeforeProcessingInitializeOnLoad (56ms)
				ProcessInitializeOnLoadAttributes (858ms)
				ProcessInitializeOnLoadMethodAttributes (40ms)
				AfterProcessingInitializeOnLoad (9ms)
				EditorAssembliesLoaded (0ms)
			ExecutionOrderSort2 (0ms)
			AwakeInstancesAfterBackupRestoration (10ms)
Platform modules already initialized, skipping
Refreshing native plugins compatible for Editor in 1.44 ms, found 6 plugins.
Preloading 2 native plugins for Editor in 0.22 ms.
Unloading 3257 Unused Serialized files (Serialized files now loaded: 0)
Unloading 45 unused Assets / (54.3 KB). Loaded Objects now: 4086.
Memory consumption went from 148.0 MB to 147.9 MB.
Total: 7.707000 ms (FindLiveObjects: 0.355200 ms CreateObjectMapping: 0.248500 ms MarkObjects: 6.969400 ms  DeleteObjects: 0.131600 ms)

AssetImportParameters requested are different than current active one (requested -> active):
  custom:video-decoder-ogg-theora: a1e56fd34408186e4bbccfd4996cb3dc -> 
  custom:container-muxer-webm: aa71ff27fc2769a1b78a27578f13a17b -> 
  custom:container-demuxer-webm: 4f35f7cbe854078d1ac9338744f61a02 -> 
  custom:video-encoder-webm-vp8: eb34c28f22e8b96e1ab97ce403110664 -> 
  custom:video-codec-MediaFoundation-h265: 746d11721c4dcdbdad8f713fa42b33f4 -> 
  custom:CustomObjectIndexerAttribute: bc11b3a6c3213fcdd17b65e7da85e133 -> 
  custom:audio-encoder-webm-vorbis: bf7c407c2cedff20999df2af8eb42d56 -> 
  custom:framework-win-MediaFoundation: 216162199b28c13a410421893ffa2e32 -> 
  custom:SearchIndexIgnoredProperties: e643bd26f0fe6173181afceb89e7c659 -> 
  custom:container-demuxer-ogg: 62fdf1f143b41e24485cea50d1cbac27 -> 
  custom:video-decoder-webm-vp8: 9c59270c3fd7afecdb556c50c9e8de78 -> 
  custom:audio-decoder-ogg-vorbis: bf7c407c2cedff20999df2af8eb42d56 -> 
========================================================================
Received Prepare
Registering precompiled user dll's ...
Registered in 0.014140 seconds.
Begin MonoManager ReloadAssembly
Symbol file LoadedFromMemory is not a mono symbol file
Native extension for WindowsStandalone target not found
Native extension for Android target not found
Native extension for WebGL target not found
Refreshing native plugins compatible for Editor in 1.00 ms, found 6 plugins.
Preloading 2 native plugins for Editor in 0.48 ms.
[Package Manager] Server::EnsureServerProcessIsRunning -- launch failed, reason: Unity was launched with the -noUpm command-line argument
[Package Manager] Cannot connect to Unity Package Manager local server
Mono: successfully reloaded assembly
- Completed reload, in  1.878 seconds
Domain Reload Profiling:
	ReloadAssembly (1879ms)
		BeginReloadAssembly (201ms)
			ExecutionOrderSort (0ms)
			DisableScriptedObjects (7ms)
			BackupInstance (0ms)
			ReleaseScriptingObjects (0ms)
			CreateAndSetChildDomain (46ms)
		EndReloadAssembly (1563ms)
			LoadAssemblies (140ms)
			RebuildTransferFunctionScriptingTraits (0ms)
			SetupTypeCache (334ms)
			ReleaseScriptCaches (2ms)
			RebuildScriptCaches (53ms)
			SetupLoadedEditorAssemblies (1017ms)
				LogAssemblyErrors (0ms)
				InitializePlatformSupportModulesInManaged (21ms)
				SetLoadedEditorAssemblies (1ms)
				RefreshPlugins (2ms)
				BeforeProcessingInitializeOnLoad (57ms)
				ProcessInitializeOnLoadAttributes (892ms)
				ProcessInitializeOnLoadMethodAttributes (36ms)
				AfterProcessingInitializeOnLoad (8ms)
				EditorAssembliesLoaded (0ms)
			ExecutionOrderSort2 (0ms)
			AwakeInstancesAfterBackupRestoration (10ms)
Platform modules already initialized, skipping
Refreshing native plugins compatible for Editor in 2.07 ms, found 6 plugins.
Preloading 2 native plugins for Editor in 0.24 ms.
Unloading 3257 Unused Serialized files (Serialized files now loaded: 0)
Unloading 45 unused Assets / (54.6 KB). Loaded Objects now: 4089.
Memory consumption went from 148.1 MB to 148.0 MB.
Total: 8.293100 ms (FindLiveObjects: 0.378600 ms CreateObjectMapping: 0.144700 ms MarkObjects: 7.568800 ms  DeleteObjects: 0.198600 ms)

AssetImportParameters requested are different than current active one (requested -> active):
  custom:video-decoder-ogg-theora: a1e56fd34408186e4bbccfd4996cb3dc -> 
  custom:container-muxer-webm: aa71ff27fc2769a1b78a27578f13a17b -> 
  custom:container-demuxer-webm: 4f35f7cbe854078d1ac9338744f61a02 -> 
  custom:video-encoder-webm-vp8: eb34c28f22e8b96e1ab97ce403110664 -> 
  custom:video-codec-MediaFoundation-h265: 746d11721c4dcdbdad8f713fa42b33f4 -> 
  custom:CustomObjectIndexerAttribute: bc11b3a6c3213fcdd17b65e7da85e133 -> 
  custom:audio-encoder-webm-vorbis: bf7c407c2cedff20999df2af8eb42d56 -> 
  custom:framework-win-MediaFoundation: 216162199b28c13a410421893ffa2e32 -> 
  custom:SearchIndexIgnoredProperties: e643bd26f0fe6173181afceb89e7c659 -> 
  custom:container-demuxer-ogg: 62fdf1f143b41e24485cea50d1cbac27 -> 
  custom:video-decoder-webm-vp8: 9c59270c3fd7afecdb556c50c9e8de78 -> 
  custom:audio-decoder-ogg-vorbis: bf7c407c2cedff20999df2af8eb42d56 -> 
========================================================================
Received Prepare
Registering precompiled user dll's ...
Registered in 0.011347 seconds.
Begin MonoManager ReloadAssembly
Symbol file LoadedFromMemory is not a mono symbol file
Native extension for WindowsStandalone target not found
Native extension for Android target not found
Native extension for WebGL target not found
Refreshing native plugins compatible for Editor in 0.68 ms, found 6 plugins.
Preloading 2 native plugins for Editor in 0.14 ms.
[Package Manager] Server::EnsureServerProcessIsRunning -- launch failed, reason: Unity was launched with the -noUpm command-line argument
[Package Manager] Cannot connect to Unity Package Manager local server
Mono: successfully reloaded assembly
- Completed reload, in  1.898 seconds
Domain Reload Profiling:
	ReloadAssembly (1901ms)
		BeginReloadAssembly (194ms)
			ExecutionOrderSort (0ms)
			DisableScriptedObjects (7ms)
			BackupInstance (0ms)
			ReleaseScriptingObjects (0ms)
			CreateAndSetChildDomain (50ms)
		EndReloadAssembly (1586ms)
			LoadAssemblies (131ms)
			RebuildTransferFunctionScriptingTraits (0ms)
			SetupTypeCache (349ms)
			ReleaseScriptCaches (2ms)
			RebuildScriptCaches (47ms)
			SetupLoadedEditorAssemblies (1020ms)
				LogAssemblyErrors (0ms)
				InitializePlatformSupportModulesInManaged (19ms)
				SetLoadedEditorAssemblies (1ms)
				RefreshPlugins (1ms)
				BeforeProcessingInitializeOnLoad (59ms)
				ProcessInitializeOnLoadAttributes (887ms)
				ProcessInitializeOnLoadMethodAttributes (45ms)
				AfterProcessingInitializeOnLoad (8ms)
				EditorAssembliesLoaded (0ms)
			ExecutionOrderSort2 (0ms)
			AwakeInstancesAfterBackupRestoration (11ms)
Platform modules already initialized, skipping
Refreshing native plugins compatible for Editor in 1.89 ms, found 6 plugins.
Preloading 2 native plugins for Editor in 0.56 ms.
Unloading 3120 Unused Serialized files (Serialized files now loaded: 0)
Unloading 182 unused Assets / (54.6 KB). Loaded Objects now: 3955.
Memory consumption went from 145.2 MB to 145.1 MB.
Total: 6.943200 ms (FindLiveObjects: 0.425000 ms CreateObjectMapping: 0.183100 ms MarkObjects: 6.090100 ms  DeleteObjects: 0.242500 ms)

AssetImportParameters requested are different than current active one (requested -> active):
  custom:video-decoder-ogg-theora: a1e56fd34408186e4bbccfd4996cb3dc -> 
  custom:container-muxer-webm: aa71ff27fc2769a1b78a27578f13a17b -> 
  custom:container-demuxer-webm: 4f35f7cbe854078d1ac9338744f61a02 -> 
  custom:video-encoder-webm-vp8: eb34c28f22e8b96e1ab97ce403110664 -> 
  custom:video-codec-MediaFoundation-h265: 746d11721c4dcdbdad8f713fa42b33f4 -> 
  custom:CustomObjectIndexerAttribute: bc11b3a6c3213fcdd17b65e7da85e133 -> 
  custom:audio-encoder-webm-vorbis: bf7c407c2cedff20999df2af8eb42d56 -> 
  custom:framework-win-MediaFoundation: 216162199b28c13a410421893ffa2e32 -> 
  custom:SearchIndexIgnoredProperties: e643bd26f0fe6173181afceb89e7c659 -> 
  custom:container-demuxer-ogg: 62fdf1f143b41e24485cea50d1cbac27 -> 
  custom:video-decoder-webm-vp8: 9c59270c3fd7afecdb556c50c9e8de78 -> 
  custom:audio-decoder-ogg-vorbis: bf7c407c2cedff20999df2af8eb42d56 -> 
