Using pre-set license
Built from '2021.3/staging' branch; Version is '2021.3.43f1 (6f9470916942) revision 7312496'; Using compiler version '192829333'; Build Type 'Release'
OS: 'Windows 11  (10.0.22631) 64bit CoreSingleLanguage' Language: 'en' Physical Memory: 16159 MB
BatchMode: 1, IsHumanControllingUs: 0, StartBugReporterOnCrash: 0, Is64bit: 1, IsPro: 1

COMMAND LINE ARGUMENTS:
C:\Program Files\Unity\Hub\Editor\2021.3.43f1\Editor\Unity.exe
-adb2
-batchMode
-noUpm
-name
AssetImportWorker3
-projectPath
C:/baruu pindah/coolyeah/kuliah/Semester 7/Sistem Multimedia/Sismul_UAS
-logFile
Logs/AssetImportWorker3.log
-srvPort
51343
Successfully changed project path to: C:/baruu pindah/coolyeah/kuliah/Semester 7/Sistem Multimedia/Sismul_UAS
C:/baruu pindah/coolyeah/kuliah/Semester 7/Sistem Multimedia/Sismul_UAS
[UnityMemory] Configuration Parameters - Can be set up in boot.config
    "memorysetup-bucket-allocator-granularity=16"
    "memorysetup-bucket-allocator-bucket-count=8"
    "memorysetup-bucket-allocator-block-size=33554432"
    "memorysetup-bucket-allocator-block-count=8"
    "memorysetup-main-allocator-block-size=16777216"
    "memorysetup-thread-allocator-block-size=16777216"
    "memorysetup-gfx-main-allocator-block-size=16777216"
    "memorysetup-gfx-thread-allocator-block-size=16777216"
    "memorysetup-cache-allocator-block-size=4194304"
    "memorysetup-typetree-allocator-block-size=2097152"
    "memorysetup-profiler-bucket-allocator-granularity=16"
    "memorysetup-profiler-bucket-allocator-bucket-count=8"
    "memorysetup-profiler-bucket-allocator-block-size=33554432"
    "memorysetup-profiler-bucket-allocator-block-count=8"
    "memorysetup-profiler-allocator-block-size=16777216"
    "memorysetup-profiler-editor-allocator-block-size=1048576"
    "memorysetup-temp-allocator-size-main=16777216"
    "memorysetup-job-temp-allocator-block-size=2097152"
    "memorysetup-job-temp-allocator-block-size-background=1048576"
    "memorysetup-job-temp-allocator-reduction-small-platforms=262144"
    "memorysetup-temp-allocator-size-background-worker=32768"
    "memorysetup-temp-allocator-size-job-worker=262144"
    "memorysetup-temp-allocator-size-preload-manager=33554432"
    "memorysetup-temp-allocator-size-nav-mesh-worker=65536"
    "memorysetup-temp-allocator-size-audio-worker=65536"
    "memorysetup-temp-allocator-size-cloud-worker=32768"
    "memorysetup-temp-allocator-size-gi-baking-worker=262144"
    "memorysetup-temp-allocator-size-gfx=262144"
Player connection [26684] Host "[IP] 192.168.56.1 [Port] 0 [Flags] 2 [Guid] 2213332660 [EditorId] 2213332660 [Version] 1048832 [Id] WindowsEditor(7,JUNGKOOK-GF) [Debug] 1 [PackageName] WindowsEditor [ProjectName] Editor" joined multi-casting on [225.0.0.222:54997]...

Player connection [26684] Host "[IP] 192.168.56.1 [Port] 0 [Flags] 2 [Guid] 2213332660 [EditorId] 2213332660 [Version] 1048832 [Id] WindowsEditor(7,JUNGKOOK-GF) [Debug] 1 [PackageName] WindowsEditor [ProjectName] Editor" joined alternative multi-casting on [225.0.0.222:34997]...

[Physics::Module] Initialized MultithreadedJobDispatcher with {0} workers.
Refreshing native plugins compatible for Editor in 167.42 ms, found 6 plugins.
Preloading 2 native plugins for Editor in 5.32 ms.
Initialize engine version: 2021.3.43f1 (6f9470916942)
[Subsystems] Discovering subsystems at path C:/Program Files/Unity/Hub/Editor/2021.3.43f1/Editor/Data/Resources/UnitySubsystems
[Subsystems] Discovering subsystems at path C:/baruu pindah/coolyeah/kuliah/Semester 7/Sistem Multimedia/Sismul_UAS/Assets
GfxDevice: creating device client; threaded=0; jobified=0
Direct3D:
    Version:  Direct3D 11.0 [level 11.1]
    Renderer: NVIDIA GeForce RTX 3050 6GB Laptop GPU (ID=0x25ec)
    Vendor:   NVIDIA
    VRAM:     6002 MB
    Driver:   32.0.15.5599
Initialize mono
Mono path[0] = 'C:/Program Files/Unity/Hub/Editor/2021.3.43f1/Editor/Data/Managed'
Mono path[1] = 'C:/Program Files/Unity/Hub/Editor/2021.3.43f1/Editor/Data/MonoBleedingEdge/lib/mono/unityjit-win32'
Mono config path = 'C:/Program Files/Unity/Hub/Editor/2021.3.43f1/Editor/Data/MonoBleedingEdge/etc'
Using monoOptions --debugger-agent=transport=dt_socket,embedding=1,server=y,suspend=n,address=127.0.0.1:56484
Begin MonoManager ReloadAssembly
Registering precompiled unity dll's ...
Register platform support module: C:/Program Files/Unity/Hub/Editor/2021.3.43f1/Editor/Data/PlaybackEngines/WebGLSupport/UnityEditor.WebGL.Extensions.dll
Register platform support module: C:/Program Files/Unity/Hub/Editor/2021.3.43f1/Editor/Data/PlaybackEngines/AndroidPlayer/UnityEditor.Android.Extensions.dll
Register platform support module: C:/Program Files/Unity/Hub/Editor/2021.3.43f1/Editor/Data/PlaybackEngines/WindowsStandaloneSupport/UnityEditor.WindowsStandalone.Extensions.dll
Registered in 0.010616 seconds.
Native extension for WindowsStandalone target not found
Native extension for Android target not found
Android Extension - Scanning For ADB Devices 669 ms
Native extension for WebGL target not found
Refreshing native plugins compatible for Editor in 119.70 ms, found 6 plugins.
Preloading 2 native plugins for Editor in 0.26 ms.
Mono: successfully reloaded assembly
- Completed reload, in  2.209 seconds
Domain Reload Profiling:
	ReloadAssembly (2210ms)
		BeginReloadAssembly (246ms)
			ExecutionOrderSort (0ms)
			DisableScriptedObjects (0ms)
			BackupInstance (0ms)
			ReleaseScriptingObjects (0ms)
			CreateAndSetChildDomain (2ms)
		EndReloadAssembly (1761ms)
			LoadAssemblies (243ms)
			RebuildTransferFunctionScriptingTraits (0ms)
			SetupTypeCache (280ms)
			ReleaseScriptCaches (0ms)
			RebuildScriptCaches (68ms)
			SetupLoadedEditorAssemblies (1299ms)
				LogAssemblyErrors (0ms)
				InitializePlatformSupportModulesInManaged (864ms)
				SetLoadedEditorAssemblies (0ms)
				RefreshPlugins (120ms)
				BeforeProcessingInitializeOnLoad (3ms)
				ProcessInitializeOnLoadAttributes (210ms)
				ProcessInitializeOnLoadMethodAttributes (101ms)
				AfterProcessingInitializeOnLoad (0ms)
				EditorAssembliesLoaded (0ms)
			ExecutionOrderSort2 (0ms)
			AwakeInstancesAfterBackupRestoration (0ms)
Platform modules already initialized, skipping
Registering precompiled user dll's ...
Registered in 0.024997 seconds.
Begin MonoManager ReloadAssembly
Symbol file LoadedFromMemory is not a mono symbol file
Native extension for WindowsStandalone target not found
Native extension for Android target not found
Native extension for WebGL target not found
Refreshing native plugins compatible for Editor in 1.33 ms, found 6 plugins.
Preloading 2 native plugins for Editor in 0.24 ms.
Package Manager log level set to [2]
[Package Manager] Server::EnsureServerProcessIsRunning -- launch failed, reason: Unity was launched with the -noUpm command-line argument
[Package Manager] Cannot connect to Unity Package Manager local server
Mono: successfully reloaded assembly
- Completed reload, in  3.031 seconds
Domain Reload Profiling:
	ReloadAssembly (3032ms)
		BeginReloadAssembly (254ms)
			ExecutionOrderSort (0ms)
			DisableScriptedObjects (9ms)
			BackupInstance (0ms)
			ReleaseScriptingObjects (0ms)
			CreateAndSetChildDomain (34ms)
		EndReloadAssembly (2555ms)
			LoadAssemblies (217ms)
			RebuildTransferFunctionScriptingTraits (0ms)
			SetupTypeCache (600ms)
			ReleaseScriptCaches (1ms)
			RebuildScriptCaches (120ms)
			SetupLoadedEditorAssemblies (1575ms)
				LogAssemblyErrors (0ms)
				InitializePlatformSupportModulesInManaged (36ms)
				SetLoadedEditorAssemblies (1ms)
				RefreshPlugins (2ms)
				BeforeProcessingInitializeOnLoad (121ms)
				ProcessInitializeOnLoadAttributes (1346ms)
				ProcessInitializeOnLoadMethodAttributes (60ms)
				AfterProcessingInitializeOnLoad (10ms)
				EditorAssembliesLoaded (0ms)
			ExecutionOrderSort2 (0ms)
			AwakeInstancesAfterBackupRestoration (12ms)
Platform modules already initialized, skipping
========================================================================
Worker process is ready to serve import requests
Launched and connected shader compiler UnityShaderCompiler.exe after 0.12 seconds
Refreshing native plugins compatible for Editor in 1.75 ms, found 6 plugins.
Preloading 2 native plugins for Editor in 0.26 ms.
Unloading 3296 Unused Serialized files (Serialized files now loaded: 0)
Unloading 50 unused Assets / (80.6 KB). Loaded Objects now: 4061.
Memory consumption went from 134.5 MB to 134.5 MB.
Total: 8.223600 ms (FindLiveObjects: 0.589200 ms CreateObjectMapping: 0.329800 ms MarkObjects: 7.029000 ms  DeleteObjects: 0.272600 ms)

AssetImportParameters requested are different than current active one (requested -> active):
  custom:video-decoder-ogg-theora: a1e56fd34408186e4bbccfd4996cb3dc -> 
  custom:container-muxer-webm: aa71ff27fc2769a1b78a27578f13a17b -> 
  custom:container-demuxer-webm: 4f35f7cbe854078d1ac9338744f61a02 -> 
  custom:video-encoder-webm-vp8: eb34c28f22e8b96e1ab97ce403110664 -> 
  custom:video-codec-MediaFoundation-h265: 746d11721c4dcdbdad8f713fa42b33f4 -> 
  custom:CustomObjectIndexerAttribute: bc11b3a6c3213fcdd17b65e7da85e133 -> 
  custom:audio-encoder-webm-vorbis: bf7c407c2cedff20999df2af8eb42d56 -> 
  custom:framework-win-MediaFoundation: 216162199b28c13a410421893ffa2e32 -> 
  custom:SearchIndexIgnoredProperties: e643bd26f0fe6173181afceb89e7c659 -> 
  custom:container-demuxer-ogg: 62fdf1f143b41e24485cea50d1cbac27 -> 
  custom:video-decoder-webm-vp8: 9c59270c3fd7afecdb556c50c9e8de78 -> 
  custom:audio-decoder-ogg-vorbis: bf7c407c2cedff20999df2af8eb42d56 -> 
========================================================================
Received Import Request.
  Time since last request: 499217.132663 seconds.
  path: Assets/_TerrainAutoUpgrade/layer_CrabRockLoopCrabRockLoopN8712da26a9e9efa0.terrainlayer
  artifactKey: Guid(c9597b57189916e4caf49600c88a7275) Importer(815301076,1909f56bfc062723c751e8b465ee728b)
Number of updated assets reloaded before import = 0
Start importing Assets/_TerrainAutoUpgrade/layer_CrabRockLoopCrabRockLoopN8712da26a9e9efa0.terrainlayer using Guid(c9597b57189916e4caf49600c88a7275) Importer(815301076,1909f56bfc062723c751e8b465ee728b)  -> (artifact id: '36f03b7a3442cd00a878b1b07f92fc7d') in 0.213728 seconds 
Number of asset objects unloaded after import = 4
========================================================================
Received Import Request.
  Time since last request: 0.000049 seconds.
  path: Assets/_TerrainAutoUpgrade/layer_ShrimpRockcc0f254a2c535401.terrainlayer
  artifactKey: Guid(2b85470d9edd48c4194a69756532f56a) Importer(815301076,1909f56bfc062723c751e8b465ee728b)
Number of updated assets reloaded before import = 0
Start importing Assets/_TerrainAutoUpgrade/layer_ShrimpRockcc0f254a2c535401.terrainlayer using Guid(2b85470d9edd48c4194a69756532f56a) Importer(815301076,1909f56bfc062723c751e8b465ee728b)  -> (artifact id: '1e64f38739120a0692d6208b207ae389') in 0.028064 seconds 
Number of asset objects unloaded after import = 2
========================================================================
Received Import Request.
  Time since last request: 176.945551 seconds.
  path: Assets/JSAllAnimals/Vertebrata/Reptiles/Turtles/AlligatorSnappingTurtle/Models/AlligatorAnappingTurtleModelTwoLODs.FBX
  artifactKey: Guid(7fc56fb6b98a849f2a7e619b29cd52a1) Importer(815301076,1909f56bfc062723c751e8b465ee728b)
Number of updated assets reloaded before import = 0
Start importing Assets/JSAllAnimals/Vertebrata/Reptiles/Turtles/AlligatorSnappingTurtle/Models/AlligatorAnappingTurtleModelTwoLODs.FBX using Guid(7fc56fb6b98a849f2a7e619b29cd52a1) Importer(815301076,1909f56bfc062723c751e8b465ee728b)  -> (artifact id: 'f13e47c43105e77e5e95e7696ffbf120') in 0.335968 seconds 
Number of asset objects unloaded after import = 145
========================================================================
Received Import Request.
  Time since last request: 0.000050 seconds.
  path: Assets/JSAllAnimals/Vertebrata/Reptiles/Turtles/AlligatorSnappingTurtle/Animations/AlligatorSnappingTurtleAnimationsSwim.FBX
  artifactKey: Guid(777146a4f8b6e40aba75b9fe8495eada) Importer(815301076,1909f56bfc062723c751e8b465ee728b)
Number of updated assets reloaded before import = 0
Start importing Assets/JSAllAnimals/Vertebrata/Reptiles/Turtles/AlligatorSnappingTurtle/Animations/AlligatorSnappingTurtleAnimationsSwim.FBX using Guid(777146a4f8b6e40aba75b9fe8495eada) Importer(815301076,1909f56bfc062723c751e8b465ee728b)  -> (artifact id: 'e4a0f9786c6c6a2d9dfd594189696d97') in 0.032583 seconds 
Number of asset objects unloaded after import = 137
========================================================================
Received Import Request.
  Time since last request: 0.000056 seconds.
  path: Assets/JSAllAnimals/Vertebrata/Reptiles/Turtles/AlligatorSnappingTurtle/Animations/AlligatorSnappingTurtleAnimationsCrouchTurn.FBX
  artifactKey: Guid(12cf2e50a79ed44ab8228b2c97c786de) Importer(815301076,1909f56bfc062723c751e8b465ee728b)
Number of updated assets reloaded before import = 0
Start importing Assets/JSAllAnimals/Vertebrata/Reptiles/Turtles/AlligatorSnappingTurtle/Animations/AlligatorSnappingTurtleAnimationsCrouchTurn.FBX using Guid(12cf2e50a79ed44ab8228b2c97c786de) Importer(815301076,1909f56bfc062723c751e8b465ee728b)  -> (artifact id: '198e86b84a62c1c69f912e145aeb03d7') in 0.027431 seconds 
Number of asset objects unloaded after import = 134
========================================================================
Received Import Request.
  Time since last request: 0.000041 seconds.
  path: Assets/JSAllAnimals/Vertebrata/Reptiles/Turtles/AlligatorSnappingTurtle/Prefabs/Old/AlligatorSnappingTurtleModelTwoLODsVer1.0.prefab
  artifactKey: Guid(930dc5651514d4ae7b09293e68ec024b) Importer(815301076,1909f56bfc062723c751e8b465ee728b)
Number of updated assets reloaded before import = 0
Start importing Assets/JSAllAnimals/Vertebrata/Reptiles/Turtles/AlligatorSnappingTurtle/Prefabs/Old/AlligatorSnappingTurtleModelTwoLODsVer1.0.prefab using Guid(930dc5651514d4ae7b09293e68ec024b) Importer(815301076,1909f56bfc062723c751e8b465ee728b)  -> (artifact id: '27653153be51a81465fab8b58f974d70') in 0.138787 seconds 
Number of asset objects unloaded after import = 272
========================================================================
Received Import Request.
  Time since last request: 0.000034 seconds.
  path: Assets/JSAllAnimals/Vertebrata/Reptiles/Turtles/AlligatorSnappingTurtle/Animations/AlligatorSnappingTurtleAnimationsCrouch.FBX
  artifactKey: Guid(1e616ec9e266e48238bd13ae2bf917dc) Importer(815301076,1909f56bfc062723c751e8b465ee728b)
Number of updated assets reloaded before import = 0
Start importing Assets/JSAllAnimals/Vertebrata/Reptiles/Turtles/AlligatorSnappingTurtle/Animations/AlligatorSnappingTurtleAnimationsCrouch.FBX using Guid(1e616ec9e266e48238bd13ae2bf917dc) Importer(815301076,1909f56bfc062723c751e8b465ee728b)  -> (artifact id: '3ea671888d1a32f270cc95ccdde97e4f') in 0.038568 seconds 
Number of asset objects unloaded after import = 212
========================================================================
Received Import Request.
  Time since last request: 0.000038 seconds.
  path: Assets/JSAllAnimals/Vertebrata/Reptiles/Turtles/AlligatorSnappingTurtle/Animations/AlligatorSnappingTurtleAnimationsDieRebirth.FBX
  artifactKey: Guid(932918445d0014ab3a22995ab22612ec) Importer(815301076,1909f56bfc062723c751e8b465ee728b)
Number of updated assets reloaded before import = 0
Start importing Assets/JSAllAnimals/Vertebrata/Reptiles/Turtles/AlligatorSnappingTurtle/Animations/AlligatorSnappingTurtleAnimationsDieRebirth.FBX using Guid(932918445d0014ab3a22995ab22612ec) Importer(815301076,1909f56bfc062723c751e8b465ee728b)  -> (artifact id: '61a8b7d90ae9084356ae555823fa9868') in 0.030922 seconds 
Number of asset objects unloaded after import = 202
========================================================================
Received Import Request.
  Time since last request: 0.000081 seconds.
  path: Assets/JSAllAnimals/Vertebrata/Reptiles/Turtles/AlligatorSnappingTurtle/Animations/OnPlace/AlligatorSnappingTurtleAnimationsCrouchOnPlace.FBX
  artifactKey: Guid(22e68bed934d340eb8342aa8869eb45b) Importer(815301076,1909f56bfc062723c751e8b465ee728b)
Number of updated assets reloaded before import = 0
Start importing Assets/JSAllAnimals/Vertebrata/Reptiles/Turtles/AlligatorSnappingTurtle/Animations/OnPlace/AlligatorSnappingTurtleAnimationsCrouchOnPlace.FBX using Guid(22e68bed934d340eb8342aa8869eb45b) Importer(815301076,1909f56bfc062723c751e8b465ee728b)  -> (artifact id: '1272b939d446e5d2120775e80fe6942e') in 0.046286 seconds 
Number of asset objects unloaded after import = 212
========================================================================
Received Import Request.
  Time since last request: 0.000039 seconds.
  path: Assets/JSAllAnimals/Vertebrata/Reptiles/Turtles/AlligatorSnappingTurtle/Animations/AlligatorSnappingTurtleAnimationsCrouchEat.FBX
  artifactKey: Guid(7ad0c645924f24c3c96e1652e3c08656) Importer(815301076,1909f56bfc062723c751e8b465ee728b)
Number of updated assets reloaded before import = 0
Start importing Assets/JSAllAnimals/Vertebrata/Reptiles/Turtles/AlligatorSnappingTurtle/Animations/AlligatorSnappingTurtleAnimationsCrouchEat.FBX using Guid(7ad0c645924f24c3c96e1652e3c08656) Importer(815301076,1909f56bfc062723c751e8b465ee728b)  -> (artifact id: '20af63b986dc7c8c42ab084b430cfa85') in 0.030837 seconds 
Number of asset objects unloaded after import = 136
========================================================================
Received Import Request.
  Time since last request: 0.000047 seconds.
  path: Assets/JSAllAnimals/Vertebrata/Reptiles/Turtles/AlligatorSnappingTurtle/Prefabs/Old/AlligatorSnappingTurtleModelVer1.0.prefab
  artifactKey: Guid(d2467f75ffea1409285660c1a3cdd64f) Importer(815301076,1909f56bfc062723c751e8b465ee728b)
Number of updated assets reloaded before import = 0
Start importing Assets/JSAllAnimals/Vertebrata/Reptiles/Turtles/AlligatorSnappingTurtle/Prefabs/Old/AlligatorSnappingTurtleModelVer1.0.prefab using Guid(d2467f75ffea1409285660c1a3cdd64f) Importer(815301076,1909f56bfc062723c751e8b465ee728b)  -> (artifact id: 'd400165fdeccc369e413074c9dacc6b1') in 0.142258 seconds 
Number of asset objects unloaded after import = 264
========================================================================
Received Import Request.
  Time since last request: 0.000051 seconds.
  path: Assets/JSAllAnimals/Vertebrata/Reptiles/Turtles/AlligatorSnappingTurtle/Scenes/AlligatorSnappingTurtleStone.PNG
  artifactKey: Guid(443a89a45d9fa4e24a0810b171edafd0) Importer(815301076,1909f56bfc062723c751e8b465ee728b)
Number of updated assets reloaded before import = 0
Start importing Assets/JSAllAnimals/Vertebrata/Reptiles/Turtles/AlligatorSnappingTurtle/Scenes/AlligatorSnappingTurtleStone.PNG using Guid(443a89a45d9fa4e24a0810b171edafd0) Importer(815301076,1909f56bfc062723c751e8b465ee728b)  -> (artifact id: 'a7280339da3439e3c85628f953e9a1ea') in 0.134750 seconds 
Number of asset objects unloaded after import = 2
Editor requested this worker to shutdown with reason: Scaling down because of idle timeout
AssetImportWorkerClient::OnTransportError - code=2 error=End of file
AssetImportWorker is now disconnected from the server
Process exiting
Exiting without the bug reporter. Application will terminate with return code 0