Using pre-set license
Built from '2021.3/staging' branch; Version is '2021.3.43f1 (6f9470916942) revision 7312496'; Using compiler version '192829333'; Build Type 'Release'
OS: 'Windows 11  (10.0.22631) 64bit CoreSingleLanguage' Language: 'en' Physical Memory: 16159 MB
BatchMode: 1, IsHumanControllingUs: 0, StartBugReporterOnCrash: 0, Is64bit: 1, IsPro: 1

COMMAND LINE ARGUMENTS:
C:\Program Files\Unity\Hub\Editor\2021.3.43f1\Editor\Unity.exe
-adb2
-batchMode
-noUpm
-name
AssetImportWorker1
-projectPath
C:/baruu pindah/coolyeah/kuliah/Semester 7/Sistem Multimedia/Sismul_UAS
-logFile
Logs/AssetImportWorker1.log
-srvPort
51343
Successfully changed project path to: C:/baruu pindah/coolyeah/kuliah/Semester 7/Sistem Multimedia/Sismul_UAS
C:/baruu pindah/coolyeah/kuliah/Semester 7/Sistem Multimedia/Sismul_UAS
[UnityMemory] Configuration Parameters - Can be set up in boot.config
    "memorysetup-bucket-allocator-granularity=16"
    "memorysetup-bucket-allocator-bucket-count=8"
    "memorysetup-bucket-allocator-block-size=33554432"
    "memorysetup-bucket-allocator-block-count=8"
    "memorysetup-main-allocator-block-size=16777216"
    "memorysetup-thread-allocator-block-size=16777216"
    "memorysetup-gfx-main-allocator-block-size=16777216"
    "memorysetup-gfx-thread-allocator-block-size=16777216"
    "memorysetup-cache-allocator-block-size=4194304"
    "memorysetup-typetree-allocator-block-size=2097152"
    "memorysetup-profiler-bucket-allocator-granularity=16"
    "memorysetup-profiler-bucket-allocator-bucket-count=8"
    "memorysetup-profiler-bucket-allocator-block-size=33554432"
    "memorysetup-profiler-bucket-allocator-block-count=8"
    "memorysetup-profiler-allocator-block-size=16777216"
    "memorysetup-profiler-editor-allocator-block-size=1048576"
    "memorysetup-temp-allocator-size-main=16777216"
    "memorysetup-job-temp-allocator-block-size=2097152"
    "memorysetup-job-temp-allocator-block-size-background=1048576"
    "memorysetup-job-temp-allocator-reduction-small-platforms=262144"
    "memorysetup-temp-allocator-size-background-worker=32768"
    "memorysetup-temp-allocator-size-job-worker=262144"
    "memorysetup-temp-allocator-size-preload-manager=33554432"
    "memorysetup-temp-allocator-size-nav-mesh-worker=65536"
    "memorysetup-temp-allocator-size-audio-worker=65536"
    "memorysetup-temp-allocator-size-cloud-worker=32768"
    "memorysetup-temp-allocator-size-gi-baking-worker=262144"
    "memorysetup-temp-allocator-size-gfx=262144"
Player connection [9344] Host "[IP] 192.168.56.1 [Port] 0 [Flags] 2 [Guid] 2054023259 [EditorId] 2054023259 [Version] 1048832 [Id] WindowsEditor(7,JUNGKOOK-GF) [Debug] 1 [PackageName] WindowsEditor [ProjectName] Editor" joined multi-casting on [225.0.0.222:54997]...

Player connection [9344] Host "[IP] 192.168.56.1 [Port] 0 [Flags] 2 [Guid] 2054023259 [EditorId] 2054023259 [Version] 1048832 [Id] WindowsEditor(7,JUNGKOOK-GF) [Debug] 1 [PackageName] WindowsEditor [ProjectName] Editor" joined alternative multi-casting on [225.0.0.222:34997]...

[Physics::Module] Initialized MultithreadedJobDispatcher with {0} workers.
Refreshing native plugins compatible for Editor in 119.19 ms, found 6 plugins.
Preloading 2 native plugins for Editor in 5.47 ms.
Initialize engine version: 2021.3.43f1 (6f9470916942)
[Subsystems] Discovering subsystems at path C:/Program Files/Unity/Hub/Editor/2021.3.43f1/Editor/Data/Resources/UnitySubsystems
[Subsystems] Discovering subsystems at path C:/baruu pindah/coolyeah/kuliah/Semester 7/Sistem Multimedia/Sismul_UAS/Assets
GfxDevice: creating device client; threaded=0; jobified=0
Direct3D:
    Version:  Direct3D 11.0 [level 11.1]
    Renderer: NVIDIA GeForce RTX 3050 6GB Laptop GPU (ID=0x25ec)
    Vendor:   NVIDIA
    VRAM:     6002 MB
    Driver:   32.0.15.5599
Initialize mono
Mono path[0] = 'C:/Program Files/Unity/Hub/Editor/2021.3.43f1/Editor/Data/Managed'
Mono path[1] = 'C:/Program Files/Unity/Hub/Editor/2021.3.43f1/Editor/Data/MonoBleedingEdge/lib/mono/unityjit-win32'
Mono config path = 'C:/Program Files/Unity/Hub/Editor/2021.3.43f1/Editor/Data/MonoBleedingEdge/etc'
Using monoOptions --debugger-agent=transport=dt_socket,embedding=1,server=y,suspend=n,address=127.0.0.1:56804
Begin MonoManager ReloadAssembly
Registering precompiled unity dll's ...
Register platform support module: C:/Program Files/Unity/Hub/Editor/2021.3.43f1/Editor/Data/PlaybackEngines/WebGLSupport/UnityEditor.WebGL.Extensions.dll
Register platform support module: C:/Program Files/Unity/Hub/Editor/2021.3.43f1/Editor/Data/PlaybackEngines/AndroidPlayer/UnityEditor.Android.Extensions.dll
Register platform support module: C:/Program Files/Unity/Hub/Editor/2021.3.43f1/Editor/Data/PlaybackEngines/WindowsStandaloneSupport/UnityEditor.WindowsStandalone.Extensions.dll
Registered in 0.010602 seconds.
Native extension for WindowsStandalone target not found
Native extension for Android target not found
Android Extension - Scanning For ADB Devices 452 ms
Native extension for WebGL target not found
Refreshing native plugins compatible for Editor in 60.38 ms, found 6 plugins.
Preloading 2 native plugins for Editor in 0.16 ms.
Mono: successfully reloaded assembly
- Completed reload, in  1.638 seconds
Domain Reload Profiling:
	ReloadAssembly (1638ms)
		BeginReloadAssembly (209ms)
			ExecutionOrderSort (0ms)
			DisableScriptedObjects (0ms)
			BackupInstance (0ms)
			ReleaseScriptingObjects (0ms)
			CreateAndSetChildDomain (1ms)
		EndReloadAssembly (1229ms)
			LoadAssemblies (207ms)
			RebuildTransferFunctionScriptingTraits (0ms)
			SetupTypeCache (225ms)
			ReleaseScriptCaches (0ms)
			RebuildScriptCaches (59ms)
			SetupLoadedEditorAssemblies (863ms)
				LogAssemblyErrors (0ms)
				InitializePlatformSupportModulesInManaged (623ms)
				SetLoadedEditorAssemblies (0ms)
				RefreshPlugins (61ms)
				BeforeProcessingInitializeOnLoad (2ms)
				ProcessInitializeOnLoadAttributes (125ms)
				ProcessInitializeOnLoadMethodAttributes (53ms)
				AfterProcessingInitializeOnLoad (0ms)
				EditorAssembliesLoaded (0ms)
			ExecutionOrderSort2 (0ms)
			AwakeInstancesAfterBackupRestoration (0ms)
Platform modules already initialized, skipping
Registering precompiled user dll's ...
Registered in 0.011059 seconds.
Begin MonoManager ReloadAssembly
Symbol file LoadedFromMemory is not a mono symbol file
Native extension for WindowsStandalone target not found
Native extension for Android target not found
Native extension for WebGL target not found
Refreshing native plugins compatible for Editor in 0.62 ms, found 6 plugins.
Preloading 2 native plugins for Editor in 0.13 ms.
Package Manager log level set to [2]
[Package Manager] Server::EnsureServerProcessIsRunning -- launch failed, reason: Unity was launched with the -noUpm command-line argument
[Package Manager] Cannot connect to Unity Package Manager local server
Mono: successfully reloaded assembly
- Completed reload, in  1.911 seconds
Domain Reload Profiling:
	ReloadAssembly (1912ms)
		BeginReloadAssembly (167ms)
			ExecutionOrderSort (0ms)
			DisableScriptedObjects (7ms)
			BackupInstance (0ms)
			ReleaseScriptingObjects (0ms)
			CreateAndSetChildDomain (25ms)
		EndReloadAssembly (1616ms)
			LoadAssemblies (123ms)
			RebuildTransferFunctionScriptingTraits (0ms)
			SetupTypeCache (345ms)
			ReleaseScriptCaches (0ms)
			RebuildScriptCaches (65ms)
			SetupLoadedEditorAssemblies (1065ms)
				LogAssemblyErrors (0ms)
				InitializePlatformSupportModulesInManaged (17ms)
				SetLoadedEditorAssemblies (0ms)
				RefreshPlugins (1ms)
				BeforeProcessingInitializeOnLoad (73ms)
				ProcessInitializeOnLoadAttributes (936ms)
				ProcessInitializeOnLoadMethodAttributes (31ms)
				AfterProcessingInitializeOnLoad (6ms)
				EditorAssembliesLoaded (0ms)
			ExecutionOrderSort2 (0ms)
			AwakeInstancesAfterBackupRestoration (7ms)
Platform modules already initialized, skipping
========================================================================
Worker process is ready to serve import requests
Launched and connected shader compiler UnityShaderCompiler.exe after 0.06 seconds
Refreshing native plugins compatible for Editor in 0.86 ms, found 6 plugins.
Preloading 2 native plugins for Editor in 0.15 ms.
Unloading 3158 Unused Serialized files (Serialized files now loaded: 0)
Unloading 50 unused Assets / (80.8 KB). Loaded Objects now: 3910.
Memory consumption went from 116.8 MB to 116.7 MB.
Total: 4.347000 ms (FindLiveObjects: 0.255900 ms CreateObjectMapping: 0.096500 ms MarkObjects: 3.847700 ms  DeleteObjects: 0.145700 ms)

AssetImportParameters requested are different than current active one (requested -> active):
  custom:video-decoder-ogg-theora: a1e56fd34408186e4bbccfd4996cb3dc -> 
  custom:container-muxer-webm: aa71ff27fc2769a1b78a27578f13a17b -> 
  custom:container-demuxer-webm: 4f35f7cbe854078d1ac9338744f61a02 -> 
  custom:video-encoder-webm-vp8: eb34c28f22e8b96e1ab97ce403110664 -> 
  custom:video-codec-MediaFoundation-h265: 746d11721c4dcdbdad8f713fa42b33f4 -> 
  custom:CustomObjectIndexerAttribute: bc11b3a6c3213fcdd17b65e7da85e133 -> 
  custom:audio-encoder-webm-vorbis: bf7c407c2cedff20999df2af8eb42d56 -> 
  custom:framework-win-MediaFoundation: 216162199b28c13a410421893ffa2e32 -> 
  custom:SearchIndexIgnoredProperties: e643bd26f0fe6173181afceb89e7c659 -> 
  custom:container-demuxer-ogg: 62fdf1f143b41e24485cea50d1cbac27 -> 
  custom:video-decoder-webm-vp8: 9c59270c3fd7afecdb556c50c9e8de78 -> 
  custom:audio-decoder-ogg-vorbis: bf7c407c2cedff20999df2af8eb42d56 -> 
========================================================================
Received Prepare
Registering precompiled user dll's ...
Registered in 0.025612 seconds.
Begin MonoManager ReloadAssembly
Symbol file LoadedFromMemory is not a mono symbol file
Native extension for WindowsStandalone target not found
Native extension for Android target not found
Native extension for WebGL target not found
Refreshing native plugins compatible for Editor in 2.21 ms, found 6 plugins.
Preloading 2 native plugins for Editor in 0.31 ms.
[Package Manager] Server::EnsureServerProcessIsRunning -- launch failed, reason: Unity was launched with the -noUpm command-line argument
[Package Manager] Cannot connect to Unity Package Manager local server
Mono: successfully reloaded assembly
- Completed reload, in  3.568 seconds
Domain Reload Profiling:
	ReloadAssembly (3569ms)
		BeginReloadAssembly (398ms)
			ExecutionOrderSort (0ms)
			DisableScriptedObjects (16ms)
			BackupInstance (0ms)
			ReleaseScriptingObjects (0ms)
			CreateAndSetChildDomain (86ms)
		EndReloadAssembly (2925ms)
			LoadAssemblies (292ms)
			RebuildTransferFunctionScriptingTraits (0ms)
			SetupTypeCache (699ms)
			ReleaseScriptCaches (2ms)
			RebuildScriptCaches (107ms)
			SetupLoadedEditorAssemblies (1782ms)
				LogAssemblyErrors (0ms)
				InitializePlatformSupportModulesInManaged (41ms)
				SetLoadedEditorAssemblies (1ms)
				RefreshPlugins (3ms)
				BeforeProcessingInitializeOnLoad (142ms)
				ProcessInitializeOnLoadAttributes (1498ms)
				ProcessInitializeOnLoadMethodAttributes (69ms)
				AfterProcessingInitializeOnLoad (28ms)
				EditorAssembliesLoaded (0ms)
			ExecutionOrderSort2 (0ms)
			AwakeInstancesAfterBackupRestoration (21ms)
Platform modules already initialized, skipping
Refreshing native plugins compatible for Editor in 1.98 ms, found 6 plugins.
Preloading 2 native plugins for Editor in 0.28 ms.
Unloading 3258 Unused Serialized files (Serialized files now loaded: 0)
Unloading 46 unused Assets / (243.7 KB). Loaded Objects now: 4050.
Memory consumption went from 118.9 MB to 118.7 MB.
Total: 8.308000 ms (FindLiveObjects: 0.589400 ms CreateObjectMapping: 0.311500 ms MarkObjects: 7.010100 ms  DeleteObjects: 0.394100 ms)

AssetImportParameters requested are different than current active one (requested -> active):
  custom:video-decoder-ogg-theora: a1e56fd34408186e4bbccfd4996cb3dc -> 
  custom:container-muxer-webm: aa71ff27fc2769a1b78a27578f13a17b -> 
  custom:container-demuxer-webm: 4f35f7cbe854078d1ac9338744f61a02 -> 
  custom:video-encoder-webm-vp8: eb34c28f22e8b96e1ab97ce403110664 -> 
  custom:video-codec-MediaFoundation-h265: 746d11721c4dcdbdad8f713fa42b33f4 -> 
  custom:CustomObjectIndexerAttribute: bc11b3a6c3213fcdd17b65e7da85e133 -> 
  custom:audio-encoder-webm-vorbis: bf7c407c2cedff20999df2af8eb42d56 -> 
  custom:framework-win-MediaFoundation: 216162199b28c13a410421893ffa2e32 -> 
  custom:SearchIndexIgnoredProperties: e643bd26f0fe6173181afceb89e7c659 -> 
  custom:container-demuxer-ogg: 62fdf1f143b41e24485cea50d1cbac27 -> 
  custom:video-decoder-webm-vp8: 9c59270c3fd7afecdb556c50c9e8de78 -> 
  custom:audio-decoder-ogg-vorbis: bf7c407c2cedff20999df2af8eb42d56 -> 
========================================================================
Received Import Request.
  Time since last request: 498927.251413 seconds.
  path: Assets/JSAllAnimals/Invertebrate/Ammonite/Demo/Prefabs/TwoLODs/PeltocerasRainbowTwoLODs.prefab
  artifactKey: Guid(6a30ecad99d0f4a6a95392a6b14d0253) Importer(815301076,1909f56bfc062723c751e8b465ee728b)
Number of updated assets reloaded before import = 0
Start importing Assets/JSAllAnimals/Invertebrate/Ammonite/Demo/Prefabs/TwoLODs/PeltocerasRainbowTwoLODs.prefab using Guid(6a30ecad99d0f4a6a95392a6b14d0253) Importer(815301076,1909f56bfc062723c751e8b465ee728b)  -> (artifact id: 'db910ad3365c0ed7fcfd4d423758fe57') in 0.074255 seconds 
Number of asset objects unloaded after import = 0
========================================================================
Received Import Request.
  Time since last request: 0.000048 seconds.
  path: Assets/JSAllAnimals/Invertebrate/Ammonite/Demo/Prefabs/TwoLODs/PeltoceratoidesRainbowTwoLODs.prefab
  artifactKey: Guid(421050ee6c3074e8e898d89b5f7b4f9d) Importer(815301076,1909f56bfc062723c751e8b465ee728b)
Number of updated assets reloaded before import = 0
Start importing Assets/JSAllAnimals/Invertebrate/Ammonite/Demo/Prefabs/TwoLODs/PeltoceratoidesRainbowTwoLODs.prefab using Guid(421050ee6c3074e8e898d89b5f7b4f9d) Importer(815301076,1909f56bfc062723c751e8b465ee728b)  -> (artifact id: 'c1a2fe31d39a9c2fa82576ec50725bae') in 1.106233 seconds 
Number of asset objects unloaded after import = 251
========================================================================
Received Import Request.
  Time since last request: 0.000051 seconds.
  path: Assets/JSAllAnimals/Invertebrate/Ammonite/Demo/Prefabs/TwoLODs/PeltocerasStripeTwoLODs.prefab
  artifactKey: Guid(9d84a953111f04ce8a64314fbf30202d) Importer(815301076,1909f56bfc062723c751e8b465ee728b)
Number of updated assets reloaded before import = 0
Start importing Assets/JSAllAnimals/Invertebrate/Ammonite/Demo/Prefabs/TwoLODs/PeltocerasStripeTwoLODs.prefab using Guid(9d84a953111f04ce8a64314fbf30202d) Importer(815301076,1909f56bfc062723c751e8b465ee728b)  -> (artifact id: 'd31137cf71d8c8f2c73fa70bc92c7c9a') in 0.245889 seconds 
Number of asset objects unloaded after import = 251
========================================================================
Received Prepare
Registering precompiled user dll's ...
Registered in 0.010182 seconds.
Begin MonoManager ReloadAssembly
Symbol file LoadedFromMemory is not a mono symbol file
Native extension for WindowsStandalone target not found
Native extension for Android target not found
Native extension for WebGL target not found
Refreshing native plugins compatible for Editor in 1.00 ms, found 6 plugins.
Preloading 2 native plugins for Editor in 0.20 ms.
[Package Manager] Server::EnsureServerProcessIsRunning -- launch failed, reason: Unity was launched with the -noUpm command-line argument
[Package Manager] Cannot connect to Unity Package Manager local server
Mono: successfully reloaded assembly
- Completed reload, in  1.891 seconds
Domain Reload Profiling:
	ReloadAssembly (1892ms)
		BeginReloadAssembly (211ms)
			ExecutionOrderSort (0ms)
			DisableScriptedObjects (5ms)
			BackupInstance (0ms)
			ReleaseScriptingObjects (0ms)
			CreateAndSetChildDomain (53ms)
		EndReloadAssembly (1554ms)
			LoadAssemblies (139ms)
			RebuildTransferFunctionScriptingTraits (0ms)
			SetupTypeCache (344ms)
			ReleaseScriptCaches (2ms)
			RebuildScriptCaches (52ms)
			SetupLoadedEditorAssemblies (1004ms)
				LogAssemblyErrors (0ms)
				InitializePlatformSupportModulesInManaged (22ms)
				SetLoadedEditorAssemblies (1ms)
				RefreshPlugins (1ms)
				BeforeProcessingInitializeOnLoad (58ms)
				ProcessInitializeOnLoadAttributes (872ms)
				ProcessInitializeOnLoadMethodAttributes (40ms)
				AfterProcessingInitializeOnLoad (9ms)
				EditorAssembliesLoaded (0ms)
			ExecutionOrderSort2 (0ms)
			AwakeInstancesAfterBackupRestoration (11ms)
Platform modules already initialized, skipping
Refreshing native plugins compatible for Editor in 1.32 ms, found 6 plugins.
Preloading 2 native plugins for Editor in 0.20 ms.
Unloading 3258 Unused Serialized files (Serialized files now loaded: 0)
Unloading 46 unused Assets / (243.7 KB). Loaded Objects now: 4062.
Memory consumption went from 136.3 MB to 136.1 MB.
Total: 6.509500 ms (FindLiveObjects: 0.382400 ms CreateObjectMapping: 0.157800 ms MarkObjects: 5.624300 ms  DeleteObjects: 0.342100 ms)

AssetImportParameters requested are different than current active one (requested -> active):
  custom:video-decoder-ogg-theora: a1e56fd34408186e4bbccfd4996cb3dc -> 
  custom:container-muxer-webm: aa71ff27fc2769a1b78a27578f13a17b -> 
  custom:container-demuxer-webm: 4f35f7cbe854078d1ac9338744f61a02 -> 
  custom:video-encoder-webm-vp8: eb34c28f22e8b96e1ab97ce403110664 -> 
  custom:video-codec-MediaFoundation-h265: 746d11721c4dcdbdad8f713fa42b33f4 -> 
  custom:CustomObjectIndexerAttribute: bc11b3a6c3213fcdd17b65e7da85e133 -> 
  custom:audio-encoder-webm-vorbis: bf7c407c2cedff20999df2af8eb42d56 -> 
  custom:framework-win-MediaFoundation: 216162199b28c13a410421893ffa2e32 -> 
  custom:SearchIndexIgnoredProperties: e643bd26f0fe6173181afceb89e7c659 -> 
  custom:container-demuxer-ogg: 62fdf1f143b41e24485cea50d1cbac27 -> 
  custom:video-decoder-webm-vp8: 9c59270c3fd7afecdb556c50c9e8de78 -> 
  custom:audio-decoder-ogg-vorbis: bf7c407c2cedff20999df2af8eb42d56 -> 
========================================================================
Received Import Request.
  Time since last request: 70.684719 seconds.
  path: Assets/JSAllAnimals/Vertebrata/Birds/Cassowary/Materials/BakedCassowaryLOD0.mat
  artifactKey: Guid(35b6e4cd6dfbd4028a0fe905e4cfe6fd) Importer(815301076,1909f56bfc062723c751e8b465ee728b)
Number of updated assets reloaded before import = 0
Start importing Assets/JSAllAnimals/Vertebrata/Birds/Cassowary/Materials/BakedCassowaryLOD0.mat using Guid(35b6e4cd6dfbd4028a0fe905e4cfe6fd) Importer(815301076,1909f56bfc062723c751e8b465ee728b)  -> (artifact id: 'b4b4085bc775698fe33ae1d46973b960') in 0.200313 seconds 
Number of asset objects unloaded after import = 4
========================================================================
Received Import Request.
  Time since last request: 0.000035 seconds.
  path: Assets/JSAllAnimals/Vertebrata/Birds/Cassowary/Animations/CassowaryAnimationJump.FBX
  artifactKey: Guid(a245973179b4f4ae8b9abd8bb4325d49) Importer(815301076,1909f56bfc062723c751e8b465ee728b)
Number of updated assets reloaded before import = 0
Start importing Assets/JSAllAnimals/Vertebrata/Birds/Cassowary/Animations/CassowaryAnimationJump.FBX using Guid(a245973179b4f4ae8b9abd8bb4325d49) Importer(815301076,1909f56bfc062723c751e8b465ee728b)  -> (artifact id: '21928f263b4de1daf1c462499779e59a') in 0.037898 seconds 
Number of asset objects unloaded after import = 116
========================================================================
Received Import Request.
  Time since last request: 0.000090 seconds.
  path: Assets/JSAllAnimals/Vertebrata/Birds/Cassowary/Demo/Prefabs/CassowaryTwoLODs.prefab
  artifactKey: Guid(7463948e009e64d1ea10f16496bb1fbb) Importer(815301076,1909f56bfc062723c751e8b465ee728b)
Number of updated assets reloaded before import = 0
Start importing Assets/JSAllAnimals/Vertebrata/Birds/Cassowary/Demo/Prefabs/CassowaryTwoLODs.prefab using Guid(7463948e009e64d1ea10f16496bb1fbb) Importer(815301076,1909f56bfc062723c751e8b465ee728b)  -> (artifact id: '8840429ea090d7e064d4f775a1eebca4') in 0.107188 seconds 
Number of asset objects unloaded after import = 208
========================================================================
Received Import Request.
  Time since last request: 0.000106 seconds.
  path: Assets/JSAllAnimals/Vertebrata/Birds/Cassowary/Models/CassowaryModelTwoLODs.FBX
  artifactKey: Guid(05db6f2a7913548edb54162423abe0c0) Importer(815301076,1909f56bfc062723c751e8b465ee728b)
Number of updated assets reloaded before import = 0
Start importing Assets/JSAllAnimals/Vertebrata/Birds/Cassowary/Models/CassowaryModelTwoLODs.FBX using Guid(05db6f2a7913548edb54162423abe0c0) Importer(815301076,1909f56bfc062723c751e8b465ee728b)  -> (artifact id: '8c441159eaa61c23ecdcb0026203c42e') in 0.298639 seconds 
Number of asset objects unloaded after import = 125
========================================================================
Received Import Request.
  Time since last request: 0.000046 seconds.
  path: Assets/JSAllAnimals/Vertebrata/Birds/Cassowary/Animations/CassowaryAnimationEatDeathRebirth.FBX
  artifactKey: Guid(6bb547d09dd304063abc35db325d58e7) Importer(815301076,1909f56bfc062723c751e8b465ee728b)
Number of updated assets reloaded before import = 0
Start importing Assets/JSAllAnimals/Vertebrata/Birds/Cassowary/Animations/CassowaryAnimationEatDeathRebirth.FBX using Guid(6bb547d09dd304063abc35db325d58e7) Importer(815301076,1909f56bfc062723c751e8b465ee728b)  -> (artifact id: 'b66115d63aa250b1a8862cf0d5867e40') in 0.030466 seconds 
Number of asset objects unloaded after import = 115
========================================================================
Received Import Request.
  Time since last request: 0.000058 seconds.
  path: Assets/JSAllAnimals/Vertebrata/Birds/Cassowary/Demo/Scenes/CassowarySoil.png
  artifactKey: Guid(12f5aace50a5e40beafc091227e44639) Importer(815301076,1909f56bfc062723c751e8b465ee728b)
Number of updated assets reloaded before import = 0
Start importing Assets/JSAllAnimals/Vertebrata/Birds/Cassowary/Demo/Scenes/CassowarySoil.png using Guid(12f5aace50a5e40beafc091227e44639) Importer(815301076,1909f56bfc062723c751e8b465ee728b)  -> (artifact id: 'd63e3c5aedfa08dd954867053c7f070a') in 0.063456 seconds 
Number of asset objects unloaded after import = 2
========================================================================
Received Import Request.
  Time since last request: 0.000044 seconds.
  path: Assets/JSAllAnimals/Vertebrata/Birds/Cassowary/Textures/BakedCassowaryLOD1H.png
  artifactKey: Guid(9bd2a3bd27eec40d8bd595920da1f9a0) Importer(815301076,1909f56bfc062723c751e8b465ee728b)
Number of updated assets reloaded before import = 0
Start importing Assets/JSAllAnimals/Vertebrata/Birds/Cassowary/Textures/BakedCassowaryLOD1H.png using Guid(9bd2a3bd27eec40d8bd595920da1f9a0) Importer(815301076,1909f56bfc062723c751e8b465ee728b)  -> (artifact id: '7fb4bfca113677fe4de50fab38c74171') in 0.034216 seconds 
Number of asset objects unloaded after import = 2
========================================================================
Received Import Request.
  Time since last request: 0.000055 seconds.
  path: Assets/JSAllAnimals/Vertebrata/Birds/Cassowary/Demo/Prefabs/Cassowary.prefab
  artifactKey: Guid(94d7a10fb2289455d991e31ed1083511) Importer(815301076,1909f56bfc062723c751e8b465ee728b)
Number of updated assets reloaded before import = 0
Start importing Assets/JSAllAnimals/Vertebrata/Birds/Cassowary/Demo/Prefabs/Cassowary.prefab using Guid(94d7a10fb2289455d991e31ed1083511) Importer(815301076,1909f56bfc062723c751e8b465ee728b)  -> (artifact id: 'fef46eb0d168914bebbbe52f3c84e993') in 0.088387 seconds 
Number of asset objects unloaded after import = 200
========================================================================
Received Import Request.
  Time since last request: 0.000034 seconds.
  path: Assets/JSAllAnimals/Vertebrata/Birds/Cassowary/Textures/BakedCassowaryLOD0N.png
  artifactKey: Guid(f6f9fb19b37ca452fa7b7e3ae1db0915) Importer(815301076,1909f56bfc062723c751e8b465ee728b)
Number of updated assets reloaded before import = 0
Start importing Assets/JSAllAnimals/Vertebrata/Birds/Cassowary/Textures/BakedCassowaryLOD0N.png using Guid(f6f9fb19b37ca452fa7b7e3ae1db0915) Importer(815301076,1909f56bfc062723c751e8b465ee728b)  -> (artifact id: '35e0e0755d8bdf08cf8fb413e5804ace') in 0.039703 seconds 
Number of asset objects unloaded after import = 2
========================================================================
Received Import Request.
  Time since last request: 0.000047 seconds.
  path: Assets/JSAllAnimals/Vertebrata/Birds/Cassowary/Materials/BakedCassowaryLOD1.mat
  artifactKey: Guid(2df9267b0e369426ab201f26e8b1fbe3) Importer(815301076,1909f56bfc062723c751e8b465ee728b)
Number of updated assets reloaded before import = 0
Start importing Assets/JSAllAnimals/Vertebrata/Birds/Cassowary/Materials/BakedCassowaryLOD1.mat using Guid(2df9267b0e369426ab201f26e8b1fbe3) Importer(815301076,1909f56bfc062723c751e8b465ee728b)  -> (artifact id: 'e9b176ac2a484756f6d7e63158d0aa8b') in 0.043447 seconds 
Number of asset objects unloaded after import = 4
========================================================================
Received Import Request.
  Time since last request: 0.000105 seconds.
  path: Assets/JSAllAnimals/Vertebrata/Birds/Cassowary/Animations/CassowaryAnimationRunJump.FBX
  artifactKey: Guid(e5b7c4130e0ff4b01992b21ca0bc6ae1) Importer(815301076,1909f56bfc062723c751e8b465ee728b)
Number of updated assets reloaded before import = 0
Start importing Assets/JSAllAnimals/Vertebrata/Birds/Cassowary/Animations/CassowaryAnimationRunJump.FBX using Guid(e5b7c4130e0ff4b01992b21ca0bc6ae1) Importer(815301076,1909f56bfc062723c751e8b465ee728b)  -> (artifact id: 'aadd59ae7023e17092e74d8d4b15c59b') in 0.034421 seconds 
Number of asset objects unloaded after import = 115
Editor requested this worker to shutdown with reason: Scaling down because of idle timeout
AssetImportWorker is now disconnected from the server
Process exiting
Exiting without the bug reporter. Application will terminate with return code 0