Using pre-set license
Built from '2021.3/staging' branch; Version is '2021.3.43f1 (6f9470916942) revision 7312496'; Using compiler version '192829333'; Build Type 'Release'
OS: 'Windows 11  (10.0.22631) 64bit CoreSingleLanguage' Language: 'en' Physical Memory: 16159 MB
BatchMode: 1, IsHumanControllingUs: 0, StartBugReporterOnCrash: 0, Is64bit: 1, IsPro: 1

COMMAND LINE ARGUMENTS:
C:\Program Files\Unity\Hub\Editor\2021.3.43f1\Editor\Unity.exe
-adb2
-batchMode
-noUpm
-name
AssetImportWorker2
-projectPath
C:/baruu pindah/coolyeah/kuliah/Semester 7/Sistem Multimedia/Sismul_UAS
-logFile
Logs/AssetImportWorker2.log
-srvPort
51343
Successfully changed project path to: C:/baruu pindah/coolyeah/kuliah/Semester 7/Sistem Multimedia/Sismul_UAS
C:/baruu pindah/coolyeah/kuliah/Semester 7/Sistem Multimedia/Sismul_UAS
[UnityMemory] Configuration Parameters - Can be set up in boot.config
    "memorysetup-bucket-allocator-granularity=16"
    "memorysetup-bucket-allocator-bucket-count=8"
    "memorysetup-bucket-allocator-block-size=33554432"
    "memorysetup-bucket-allocator-block-count=8"
    "memorysetup-main-allocator-block-size=16777216"
    "memorysetup-thread-allocator-block-size=16777216"
    "memorysetup-gfx-main-allocator-block-size=16777216"
    "memorysetup-gfx-thread-allocator-block-size=16777216"
    "memorysetup-cache-allocator-block-size=4194304"
    "memorysetup-typetree-allocator-block-size=2097152"
    "memorysetup-profiler-bucket-allocator-granularity=16"
    "memorysetup-profiler-bucket-allocator-bucket-count=8"
    "memorysetup-profiler-bucket-allocator-block-size=33554432"
    "memorysetup-profiler-bucket-allocator-block-count=8"
    "memorysetup-profiler-allocator-block-size=16777216"
    "memorysetup-profiler-editor-allocator-block-size=1048576"
    "memorysetup-temp-allocator-size-main=16777216"
    "memorysetup-job-temp-allocator-block-size=2097152"
    "memorysetup-job-temp-allocator-block-size-background=1048576"
    "memorysetup-job-temp-allocator-reduction-small-platforms=262144"
    "memorysetup-temp-allocator-size-background-worker=32768"
    "memorysetup-temp-allocator-size-job-worker=262144"
    "memorysetup-temp-allocator-size-preload-manager=33554432"
    "memorysetup-temp-allocator-size-nav-mesh-worker=65536"
    "memorysetup-temp-allocator-size-audio-worker=65536"
    "memorysetup-temp-allocator-size-cloud-worker=32768"
    "memorysetup-temp-allocator-size-gi-baking-worker=262144"
    "memorysetup-temp-allocator-size-gfx=262144"
Player connection [6188] Host "[IP] 192.168.56.1 [Port] 0 [Flags] 2 [Guid] 1025649602 [EditorId] 1025649602 [Version] 1048832 [Id] WindowsEditor(7,JUNGKOOK-GF) [Debug] 1 [PackageName] WindowsEditor [ProjectName] Editor" joined multi-casting on [225.0.0.222:54997]...

Player connection [6188] Host "[IP] 192.168.56.1 [Port] 0 [Flags] 2 [Guid] 1025649602 [EditorId] 1025649602 [Version] 1048832 [Id] WindowsEditor(7,JUNGKOOK-GF) [Debug] 1 [PackageName] WindowsEditor [ProjectName] Editor" joined alternative multi-casting on [225.0.0.222:34997]...

[Physics::Module] Initialized MultithreadedJobDispatcher with {0} workers.
Refreshing native plugins compatible for Editor in 186.49 ms, found 6 plugins.
Preloading 2 native plugins for Editor in 21.00 ms.
Initialize engine version: 2021.3.43f1 (6f9470916942)
[Subsystems] Discovering subsystems at path C:/Program Files/Unity/Hub/Editor/2021.3.43f1/Editor/Data/Resources/UnitySubsystems
[Subsystems] Discovering subsystems at path C:/baruu pindah/coolyeah/kuliah/Semester 7/Sistem Multimedia/Sismul_UAS/Assets
GfxDevice: creating device client; threaded=0; jobified=0
Direct3D:
    Version:  Direct3D 11.0 [level 11.1]
    Renderer: NVIDIA GeForce RTX 3050 6GB Laptop GPU (ID=0x25ec)
    Vendor:   NVIDIA
    VRAM:     6002 MB
    Driver:   32.0.15.5599
Initialize mono
Mono path[0] = 'C:/Program Files/Unity/Hub/Editor/2021.3.43f1/Editor/Data/Managed'
Mono path[1] = 'C:/Program Files/Unity/Hub/Editor/2021.3.43f1/Editor/Data/MonoBleedingEdge/lib/mono/unityjit-win32'
Mono config path = 'C:/Program Files/Unity/Hub/Editor/2021.3.43f1/Editor/Data/MonoBleedingEdge/etc'
Using monoOptions --debugger-agent=transport=dt_socket,embedding=1,server=y,suspend=n,address=127.0.0.1:56012
Begin MonoManager ReloadAssembly
Registering precompiled unity dll's ...
Register platform support module: C:/Program Files/Unity/Hub/Editor/2021.3.43f1/Editor/Data/PlaybackEngines/WebGLSupport/UnityEditor.WebGL.Extensions.dll
Register platform support module: C:/Program Files/Unity/Hub/Editor/2021.3.43f1/Editor/Data/PlaybackEngines/AndroidPlayer/UnityEditor.Android.Extensions.dll
Register platform support module: C:/Program Files/Unity/Hub/Editor/2021.3.43f1/Editor/Data/PlaybackEngines/WindowsStandaloneSupport/UnityEditor.WindowsStandalone.Extensions.dll
Registered in 0.010204 seconds.
Native extension for WindowsStandalone target not found
Native extension for Android target not found
Android Extension - Scanning For ADB Devices 580 ms
Native extension for WebGL target not found
Refreshing native plugins compatible for Editor in 137.23 ms, found 6 plugins.
Preloading 2 native plugins for Editor in 0.28 ms.
Mono: successfully reloaded assembly
- Completed reload, in  2.243 seconds
Domain Reload Profiling:
	ReloadAssembly (2244ms)
		BeginReloadAssembly (383ms)
			ExecutionOrderSort (0ms)
			DisableScriptedObjects (0ms)
			BackupInstance (0ms)
			ReleaseScriptingObjects (0ms)
			CreateAndSetChildDomain (2ms)
		EndReloadAssembly (1625ms)
			LoadAssemblies (382ms)
			RebuildTransferFunctionScriptingTraits (0ms)
			SetupTypeCache (231ms)
			ReleaseScriptCaches (0ms)
			RebuildScriptCaches (59ms)
			SetupLoadedEditorAssemblies (1240ms)
				LogAssemblyErrors (0ms)
				InitializePlatformSupportModulesInManaged (753ms)
				SetLoadedEditorAssemblies (0ms)
				RefreshPlugins (138ms)
				BeforeProcessingInitializeOnLoad (3ms)
				ProcessInitializeOnLoadAttributes (236ms)
				ProcessInitializeOnLoadMethodAttributes (108ms)
				AfterProcessingInitializeOnLoad (0ms)
				EditorAssembliesLoaded (0ms)
			ExecutionOrderSort2 (0ms)
			AwakeInstancesAfterBackupRestoration (0ms)
Platform modules already initialized, skipping
Registering precompiled user dll's ...
Registered in 0.018196 seconds.
Begin MonoManager ReloadAssembly
Symbol file LoadedFromMemory is not a mono symbol file
Native extension for WindowsStandalone target not found
Native extension for Android target not found
Native extension for WebGL target not found
Refreshing native plugins compatible for Editor in 1.19 ms, found 6 plugins.
Preloading 2 native plugins for Editor in 0.23 ms.
Package Manager log level set to [2]
[Package Manager] Server::EnsureServerProcessIsRunning -- launch failed, reason: Unity was launched with the -noUpm command-line argument
[Package Manager] Cannot connect to Unity Package Manager local server
Mono: successfully reloaded assembly
- Completed reload, in  3.118 seconds
Domain Reload Profiling:
	ReloadAssembly (3120ms)
		BeginReloadAssembly (283ms)
			ExecutionOrderSort (0ms)
			DisableScriptedObjects (12ms)
			BackupInstance (0ms)
			ReleaseScriptingObjects (0ms)
			CreateAndSetChildDomain (32ms)
		EndReloadAssembly (2607ms)
			LoadAssemblies (233ms)
			RebuildTransferFunctionScriptingTraits (0ms)
			SetupTypeCache (627ms)
			ReleaseScriptCaches (1ms)
			RebuildScriptCaches (145ms)
			SetupLoadedEditorAssemblies (1574ms)
				LogAssemblyErrors (0ms)
				InitializePlatformSupportModulesInManaged (35ms)
				SetLoadedEditorAssemblies (1ms)
				RefreshPlugins (2ms)
				BeforeProcessingInitializeOnLoad (141ms)
				ProcessInitializeOnLoadAttributes (1336ms)
				ProcessInitializeOnLoadMethodAttributes (51ms)
				AfterProcessingInitializeOnLoad (9ms)
				EditorAssembliesLoaded (0ms)
			ExecutionOrderSort2 (0ms)
			AwakeInstancesAfterBackupRestoration (9ms)
Platform modules already initialized, skipping
========================================================================
Worker process is ready to serve import requests
Launched and connected shader compiler UnityShaderCompiler.exe after 0.08 seconds
Refreshing native plugins compatible for Editor in 0.87 ms, found 6 plugins.
Preloading 2 native plugins for Editor in 0.14 ms.
Unloading 3296 Unused Serialized files (Serialized files now loaded: 0)
Unloading 50 unused Assets / (80.6 KB). Loaded Objects now: 4061.
Memory consumption went from 134.6 MB to 134.5 MB.
Total: 4.338900 ms (FindLiveObjects: 0.344600 ms CreateObjectMapping: 0.137600 ms MarkObjects: 3.736500 ms  DeleteObjects: 0.118600 ms)

AssetImportParameters requested are different than current active one (requested -> active):
  custom:video-decoder-ogg-theora: a1e56fd34408186e4bbccfd4996cb3dc -> 
  custom:container-muxer-webm: aa71ff27fc2769a1b78a27578f13a17b -> 
  custom:container-demuxer-webm: 4f35f7cbe854078d1ac9338744f61a02 -> 
  custom:video-encoder-webm-vp8: eb34c28f22e8b96e1ab97ce403110664 -> 
  custom:video-codec-MediaFoundation-h265: 746d11721c4dcdbdad8f713fa42b33f4 -> 
  custom:CustomObjectIndexerAttribute: bc11b3a6c3213fcdd17b65e7da85e133 -> 
  custom:audio-encoder-webm-vorbis: bf7c407c2cedff20999df2af8eb42d56 -> 
  custom:framework-win-MediaFoundation: 216162199b28c13a410421893ffa2e32 -> 
  custom:SearchIndexIgnoredProperties: e643bd26f0fe6173181afceb89e7c659 -> 
  custom:container-demuxer-ogg: 62fdf1f143b41e24485cea50d1cbac27 -> 
  custom:video-decoder-webm-vp8: 9c59270c3fd7afecdb556c50c9e8de78 -> 
  custom:audio-decoder-ogg-vorbis: bf7c407c2cedff20999df2af8eb42d56 -> 
========================================================================
Received Prepare
Registering precompiled user dll's ...
Registered in 0.010289 seconds.
Begin MonoManager ReloadAssembly
Symbol file LoadedFromMemory is not a mono symbol file
Native extension for WindowsStandalone target not found
Native extension for Android target not found
Native extension for WebGL target not found
Refreshing native plugins compatible for Editor in 1.12 ms, found 6 plugins.
Preloading 2 native plugins for Editor in 0.16 ms.
[Package Manager] Server::EnsureServerProcessIsRunning -- launch failed, reason: Unity was launched with the -noUpm command-line argument
[Package Manager] Cannot connect to Unity Package Manager local server
Mono: successfully reloaded assembly
- Completed reload, in  1.894 seconds
Domain Reload Profiling:
	ReloadAssembly (1895ms)
		BeginReloadAssembly (199ms)
			ExecutionOrderSort (0ms)
			DisableScriptedObjects (7ms)
			BackupInstance (0ms)
			ReleaseScriptingObjects (0ms)
			CreateAndSetChildDomain (44ms)
		EndReloadAssembly (1578ms)
			LoadAssemblies (135ms)
			RebuildTransferFunctionScriptingTraits (0ms)
			SetupTypeCache (353ms)
			ReleaseScriptCaches (2ms)
			RebuildScriptCaches (50ms)
			SetupLoadedEditorAssemblies (1015ms)
				LogAssemblyErrors (0ms)
				InitializePlatformSupportModulesInManaged (22ms)
				SetLoadedEditorAssemblies (1ms)
				RefreshPlugins (1ms)
				BeforeProcessingInitializeOnLoad (61ms)
				ProcessInitializeOnLoadAttributes (882ms)
				ProcessInitializeOnLoadMethodAttributes (39ms)
				AfterProcessingInitializeOnLoad (9ms)
				EditorAssembliesLoaded (0ms)
			ExecutionOrderSort2 (0ms)
			AwakeInstancesAfterBackupRestoration (11ms)
Platform modules already initialized, skipping
Refreshing native plugins compatible for Editor in 1.50 ms, found 6 plugins.
Preloading 2 native plugins for Editor in 0.24 ms.
Unloading 3257 Unused Serialized files (Serialized files now loaded: 0)
Unloading 45 unused Assets / (54.4 KB). Loaded Objects now: 4064.
Memory consumption went from 130.7 MB to 130.7 MB.
Total: 7.321600 ms (FindLiveObjects: 0.428700 ms CreateObjectMapping: 0.164100 ms MarkObjects: 6.583100 ms  DeleteObjects: 0.142800 ms)

AssetImportParameters requested are different than current active one (requested -> active):
  custom:video-decoder-ogg-theora: a1e56fd34408186e4bbccfd4996cb3dc -> 
  custom:container-muxer-webm: aa71ff27fc2769a1b78a27578f13a17b -> 
  custom:container-demuxer-webm: 4f35f7cbe854078d1ac9338744f61a02 -> 
  custom:video-encoder-webm-vp8: eb34c28f22e8b96e1ab97ce403110664 -> 
  custom:video-codec-MediaFoundation-h265: 746d11721c4dcdbdad8f713fa42b33f4 -> 
  custom:CustomObjectIndexerAttribute: bc11b3a6c3213fcdd17b65e7da85e133 -> 
  custom:audio-encoder-webm-vorbis: bf7c407c2cedff20999df2af8eb42d56 -> 
  custom:framework-win-MediaFoundation: 216162199b28c13a410421893ffa2e32 -> 
  custom:SearchIndexIgnoredProperties: e643bd26f0fe6173181afceb89e7c659 -> 
  custom:container-demuxer-ogg: 62fdf1f143b41e24485cea50d1cbac27 -> 
  custom:video-decoder-webm-vp8: 9c59270c3fd7afecdb556c50c9e8de78 -> 
  custom:audio-decoder-ogg-vorbis: bf7c407c2cedff20999df2af8eb42d56 -> 
========================================================================
Received Import Request.
  Time since last request: 498999.386265 seconds.
  path: Assets/JSAllAnimals/Vertebrata/Birds/Cassowary/Textures/BakedCassowaryA.png
  artifactKey: Guid(2e9ed3d3158054e8db3789ef77c58999) Importer(815301076,1909f56bfc062723c751e8b465ee728b)
Number of updated assets reloaded before import = 0
Start importing Assets/JSAllAnimals/Vertebrata/Birds/Cassowary/Textures/BakedCassowaryA.png using Guid(2e9ed3d3158054e8db3789ef77c58999) Importer(815301076,1909f56bfc062723c751e8b465ee728b)  -> (artifact id: '97d730d19f28e0cb2ccd93fb1540cd72') in 0.162836 seconds 
Number of asset objects unloaded after import = 2
========================================================================
Received Import Request.
  Time since last request: 0.000041 seconds.
  path: Assets/JSAllAnimals/Vertebrata/Birds/Cassowary/Animations/CassowaryAnimationSitDown.FBX
  artifactKey: Guid(910b11c4be3834b00a0f8bb821d62959) Importer(815301076,1909f56bfc062723c751e8b465ee728b)
Number of updated assets reloaded before import = 0
Start importing Assets/JSAllAnimals/Vertebrata/Birds/Cassowary/Animations/CassowaryAnimationSitDown.FBX using Guid(910b11c4be3834b00a0f8bb821d62959) Importer(815301076,1909f56bfc062723c751e8b465ee728b)  -> (artifact id: 'badf0d82c7e75721315e2905f7a26c1f') in 0.041485 seconds 
Number of asset objects unloaded after import = 114
========================================================================
Received Import Request.
  Time since last request: 0.000045 seconds.
  path: Assets/JSAllAnimals/Vertebrata/Birds/Cassowary/Animations/CassowaryAnimationBasic.FBX
  artifactKey: Guid(62fe3463547f0463ea75b22f314c9150) Importer(815301076,1909f56bfc062723c751e8b465ee728b)
Number of updated assets reloaded before import = 0
Start importing Assets/JSAllAnimals/Vertebrata/Birds/Cassowary/Animations/CassowaryAnimationBasic.FBX using Guid(62fe3463547f0463ea75b22f314c9150) Importer(815301076,1909f56bfc062723c751e8b465ee728b)  -> (artifact id: 'c6c8edcf226f7507a35ae9499de96e5a') in 0.031892 seconds 
Number of asset objects unloaded after import = 123
========================================================================
Received Import Request.
  Time since last request: 0.000042 seconds.
  path: Assets/JSAllAnimals/Vertebrata/Birds/Cassowary/Animations/CassowaryAnimationTurn.FBX
  artifactKey: Guid(4a41f3f4624344e1f8b6eda4dd1fa28d) Importer(815301076,1909f56bfc062723c751e8b465ee728b)
Number of updated assets reloaded before import = 0
Start importing Assets/JSAllAnimals/Vertebrata/Birds/Cassowary/Animations/CassowaryAnimationTurn.FBX using Guid(4a41f3f4624344e1f8b6eda4dd1fa28d) Importer(815301076,1909f56bfc062723c751e8b465ee728b)  -> (artifact id: '0c2cfeb6057ea1fec1c2aeff40af27b8') in 0.029287 seconds 
Number of asset objects unloaded after import = 116
========================================================================
Received Import Request.
  Time since last request: 0.000028 seconds.
  path: Assets/JSAllAnimals/Vertebrata/Birds/Cassowary/Demo/Scenes/CassowarSmallFriction.physicMaterial
  artifactKey: Guid(022e2f7ab17ca4431990f8a4e480f8e8) Importer(815301076,1909f56bfc062723c751e8b465ee728b)
Number of updated assets reloaded before import = 0
Start importing Assets/JSAllAnimals/Vertebrata/Birds/Cassowary/Demo/Scenes/CassowarSmallFriction.physicMaterial using Guid(022e2f7ab17ca4431990f8a4e480f8e8) Importer(815301076,1909f56bfc062723c751e8b465ee728b)  -> (artifact id: 'f3f96413dc3f04b213c50c16e7753ddb') in 0.021509 seconds 
Number of asset objects unloaded after import = 1
========================================================================
Received Import Request.
  Time since last request: 0.000037 seconds.
  path: Assets/JSAllAnimals/Vertebrata/Birds/Cassowary/Textures/BakedCassowaryLOD1N.png
  artifactKey: Guid(99500e55da27742598e8455cd97f8f33) Importer(815301076,1909f56bfc062723c751e8b465ee728b)
Number of updated assets reloaded before import = 0
Start importing Assets/JSAllAnimals/Vertebrata/Birds/Cassowary/Textures/BakedCassowaryLOD1N.png using Guid(99500e55da27742598e8455cd97f8f33) Importer(815301076,1909f56bfc062723c751e8b465ee728b)  -> (artifact id: 'dc9e1d4ad88a4b8c575bbd1a08e4c478') in 0.098936 seconds 
Number of asset objects unloaded after import = 2
========================================================================
Received Import Request.
  Time since last request: 0.000035 seconds.
  path: Assets/JSAllAnimals/Vertebrata/Birds/Cassowary/Textures/BakedCassowaryLOD0H.png
  artifactKey: Guid(90b300d2fd65145ad8741e7a08934664) Importer(815301076,1909f56bfc062723c751e8b465ee728b)
Number of updated assets reloaded before import = 0
Start importing Assets/JSAllAnimals/Vertebrata/Birds/Cassowary/Textures/BakedCassowaryLOD0H.png using Guid(90b300d2fd65145ad8741e7a08934664) Importer(815301076,1909f56bfc062723c751e8b465ee728b)  -> (artifact id: '412a454ffa72109a6549e2a5af3c3148') in 0.025662 seconds 
Number of asset objects unloaded after import = 2
========================================================================
Received Import Request.
  Time since last request: 0.000127 seconds.
  path: Assets/JSAllAnimals/Vertebrata/Birds/Cassowary/Animations/CassowaryAnimationIdle.FBX
  artifactKey: Guid(11033b4bf53c14aebaad4576023ffe09) Importer(815301076,1909f56bfc062723c751e8b465ee728b)
Number of updated assets reloaded before import = 0
Start importing Assets/JSAllAnimals/Vertebrata/Birds/Cassowary/Animations/CassowaryAnimationIdle.FBX using Guid(11033b4bf53c14aebaad4576023ffe09) Importer(815301076,1909f56bfc062723c751e8b465ee728b)  -> (artifact id: '7544c82b68ed2264ccabc0424e622410') in 0.028315 seconds 
Number of asset objects unloaded after import = 113
========================================================================
Received Import Request.
  Time since last request: 0.000048 seconds.
  path: Assets/JSAllAnimals/Vertebrata/Birds/Cassowary/Animations/CassowaryAnimationSleep.FBX
  artifactKey: Guid(44e82d25ce9ca4959b068406309a9759) Importer(815301076,1909f56bfc062723c751e8b465ee728b)
Number of updated assets reloaded before import = 0
Start importing Assets/JSAllAnimals/Vertebrata/Birds/Cassowary/Animations/CassowaryAnimationSleep.FBX using Guid(44e82d25ce9ca4959b068406309a9759) Importer(815301076,1909f56bfc062723c751e8b465ee728b)  -> (artifact id: 'ca4e664c0ae05975c802cbe71a1ca2b2') in 0.028887 seconds 
Number of asset objects unloaded after import = 113
========================================================================
Received Import Request.
  Time since last request: 0.000032 seconds.
  path: Assets/JSAllAnimals/Vertebrata/Birds/Cassowary/Models/CassowaryModel.FBX
  artifactKey: Guid(632b6ae683e6b4a0094ccb4be0c4a710) Importer(815301076,1909f56bfc062723c751e8b465ee728b)
Number of updated assets reloaded before import = 0
Start importing Assets/JSAllAnimals/Vertebrata/Birds/Cassowary/Models/CassowaryModel.FBX using Guid(632b6ae683e6b4a0094ccb4be0c4a710) Importer(815301076,1909f56bfc062723c751e8b465ee728b)  -> (artifact id: 'b4d32707eac27af354cc2883c2d8f6ed') in 0.515224 seconds 
Number of asset objects unloaded after import = 118
========================================================================
Received Import Request.
  Time since last request: 3.681669 seconds.
  path: Assets/JSAllAnimals/Vertebrata/Birds/Cassowary
  artifactKey: Guid(802f7003e48ce487cb4cd20a0c53905a) Importer(815301076,1909f56bfc062723c751e8b465ee728b)
Number of updated assets reloaded before import = 0
Start importing Assets/JSAllAnimals/Vertebrata/Birds/Cassowary using Guid(802f7003e48ce487cb4cd20a0c53905a) Importer(815301076,1909f56bfc062723c751e8b465ee728b)  -> (artifact id: 'b48a37d1dc04300022a22598a63d4d2f') in 0.004572 seconds 
Number of asset objects unloaded after import = 0
Editor requested this worker to shutdown with reason: Scaling down because of idle timeout
AssetImportWorker is now disconnected from the server
Process exiting
Exiting without the bug reporter. Application will terminate with return code 0